mkdir: cannot create directory '/home/sysadmin/cam9/run': File exists
mkdir: cannot create directory '/home/sysadmin/cam9/source': File exists
mkdir: cannot create directory '/home/sysadmin/cam9/archive': File exists
mkdir: cannot create directory '/home/sysadmin/cam9/log': File exists
First time!
updateServerModules
get latest all Modules
2;install;UpdateServerStatus;1.1.5;Fri May 27 2016 11:46:03 GMT+0700 (ICT);http://cp.cam9.tv/module_upload/2/1.1.5.sh;"dùng để check server on hay off";
MODULE_ID: 2 - COMMAND: install
1;install;UpdateServerModule;1.1.3;Wed Jun 08 2016 05:21:31 GMT+0700 (ICT);http://cp.cam9.tv/module_upload/1/1.1.3.sh;"dùng để chạy update các phiên bản mới";
MODULE_ID: 1 - COMMAND: install
6;install;Namtv;1.1.1;Wed Jun 08 2016 07:04:06 GMT+0700 (ICT);module_upload/6/1.1.1.sh;"Phần mềm nén";
MODULE_ID: 6 - COMMAND: install
Send version of Module
updateServerModulesItself
1
2
3
4
5
6
7
8
9
10
11
12
13
14
15
16
17
18
19
20
Do something!
updateServerModules
get latest all Modules
2;install;UpdateServerStatus;1.1.5;Fri May 27 2016 11:46:03 GMT+0700 (ICT);http://cp.cam9.tv/module_upload/2/1.1.5.sh;"dùng để check server on hay off";
MODULE_ID: 2 - COMMAND: install
1;install;UpdateServerModule;1.1.3;Wed Jun 08 2016 05:21:31 GMT+0700 (ICT);http://cp.cam9.tv/module_upload/1/1.1.3.sh;"dùng để chạy update các phiên bản mới";
MODULE_ID: 1 - COMMAND: install
6;install;Namtv;1.1.1;Wed Jun 08 2016 07:04:06 GMT+0700 (ICT);module_upload/6/1.1.1.sh;"Phần mềm nén";
MODULE_ID: 6 - COMMAND: install
Send version of Module
updateServerModulesItself
Tue Jun 14 08:21:47 ICT 2016 - {"error":0,"message":"Cập nhật thành công "}
1
2
3
4
5
6
7
8
9
10
11
12
13
14
15
16
17
18
19
20
Do something!
updateServerModules
get latest all Modules
2;install;UpdateServerStatus;1.1.5;Fri May 27 2016 11:46:03 GMT+0700 (ICT);http://cp.cam9.tv/module_upload/2/1.1.5.sh;"dùng để check server on hay off";
MODULE_ID: 2 - COMMAND: install
1;install;UpdateServerModule;1.1.3;Wed Jun 08 2016 05:21:31 GMT+0700 (ICT);http://cp.cam9.tv/module_upload/1/1.1.3.sh;"dùng để chạy update các phiên bản mới";
MODULE_ID: 1 - COMMAND: install
6;install;Namtv;1.1.1;Wed Jun 08 2016 07:04:06 GMT+0700 (ICT);module_upload/6/1.1.1.sh;"Phần mềm nén";
MODULE_ID: 6 - COMMAND: install
Send version of Module
updateServerModulesItself
Tue Jun 14 08:22:30 ICT 2016 - {"error":0,"message":"Cập nhật thành công "}
1
2
3
4
5
6
7
8
9
10
11
12
13
14
15
16
17
18
19
20
Do something!
updateServerModules
get latest all Modules
2;install;UpdateServerStatus;1.1.5;Fri May 27 2016 11:46:03 GMT+0700 (ICT);http://cp.cam9.tv/module_upload/2/1.1.5.sh;"dùng để check server on hay off";
MODULE_ID: 2 - COMMAND: install
1;install;UpdateServerModule;1.1.3;Wed Jun 08 2016 05:21:31 GMT+0700 (ICT);http://cp.cam9.tv/module_upload/1/1.1.3.sh;"dùng để chạy update các phiên bản mới";
MODULE_ID: 1 - COMMAND: install
6;install;Namtv;1.1.1;Wed Jun 08 2016 07:04:06 GMT+0700 (ICT);module_upload/6/1.1.1.sh;"Phần mềm nén";
MODULE_ID: 6 - COMMAND: install
Send version of Module
updateServerModulesItself
Tue Jun 14 08:22:57 ICT 2016 - {"error":0,"message":"Cập nhật thành công "}
1
2
3
4
5
6
7
8
9
10
11
12
13
14
15
16
17
18
19
20
Do something!
updateServerModules
get latest all Modules
2;install;UpdateServerStatus;1.1.5;Fri May 27 2016 11:46:03 GMT+0700 (ICT);http://cp.cam9.tv/module_upload/2/1.1.5.sh;"dùng để check server on hay off";
MODULE_ID: 2 - COMMAND: install
1;install;UpdateServerModule;1.1.3;Wed Jun 08 2016 05:21:31 GMT+0700 (ICT);http://cp.cam9.tv/module_upload/1/1.1.3.sh;"dùng để chạy update các phiên bản mới";
MODULE_ID: 1 - COMMAND: install
6;install;Namtv;1.1.1;Wed Jun 08 2016 07:04:06 GMT+0700 (ICT);module_upload/6/1.1.1.sh;"Phần mềm nén";
MODULE_ID: 6 - COMMAND: install
Send version of Module
updateServerModulesItself
Tue Jun 14 08:23:20 ICT 2016 - {"error":0,"message":"Cập nhật thành công "}
1
2
3
4
5
6
7
8
9
10
11
12
13
14
15
16
17
18
19
20
Do something!
updateServerModules
get latest all Modules
2;install;UpdateServerStatus;1.1.5;Fri May 27 2016 11:46:03 GMT+0700 (ICT);http://cp.cam9.tv/module_upload/2/1.1.5.sh;"dùng để check server on hay off";
MODULE_ID: 2 - COMMAND: install
1;install;UpdateServerModule;1.1.3;Wed Jun 08 2016 05:21:31 GMT+0700 (ICT);http://cp.cam9.tv/module_upload/1/1.1.3.sh;"dùng để chạy update các phiên bản mới";
MODULE_ID: 1 - COMMAND: install
6;install;Namtv;1.1.1;Wed Jun 08 2016 07:04:06 GMT+0700 (ICT);module_upload/6/1.1.1.sh;"Phần mềm nén";
MODULE_ID: 6 - COMMAND: install
Send version of Module
updateServerModulesItself
Tue Jun 14 08:23:44 ICT 2016 - {"error":0,"message":"Cập nhật thành công "}
1
2
3
4
5
6
7
8
9
10
11
12
13
14
15
16
17
18
19
20
Do something!
updateServerModules
get latest all Modules
2;install;UpdateServerStatus;1.1.5;Fri May 27 2016 11:46:03 GMT+0700 (ICT);http://cp.cam9.tv/module_upload/2/1.1.5.sh;"dùng để check server on hay off";
MODULE_ID: 2 - COMMAND: install
1;install;UpdateServerModule;1.1.3;Wed Jun 08 2016 05:21:31 GMT+0700 (ICT);http://cp.cam9.tv/module_upload/1/1.1.3.sh;"dùng để chạy update các phiên bản mới";
MODULE_ID: 1 - COMMAND: install
6;install;Namtv;1.1.1;Wed Jun 08 2016 07:04:06 GMT+0700 (ICT);module_upload/6/1.1.1.sh;"Phần mềm nén";
MODULE_ID: 6 - COMMAND: install
Send version of Module
updateServerModulesItself
Tue Jun 14 08:24:05 ICT 2016 - {"error":0,"message":"Cập nhật thành công "}
1
2
3
4
5
6
7
8
9
10
11
12
13
14
15
16
17
18
19
20
Do something!
updateServerModules
get latest all Modules
2;install;UpdateServerStatus;1.1.5;Fri May 27 2016 11:46:03 GMT+0700 (ICT);http://cp.cam9.tv/module_upload/2/1.1.5.sh;"dùng để check server on hay off";
MODULE_ID: 2 - COMMAND: install
1;install;UpdateServerModule;1.1.3;Wed Jun 08 2016 05:21:31 GMT+0700 (ICT);http://cp.cam9.tv/module_upload/1/1.1.3.sh;"dùng để chạy update các phiên bản mới";
MODULE_ID: 1 - COMMAND: install
6;install;Namtv;1.1.1;Wed Jun 08 2016 07:04:06 GMT+0700 (ICT);module_upload/6/1.1.1.sh;"Phần mềm nén";
MODULE_ID: 6 - COMMAND: install
Send version of Module
updateServerModulesItself
Tue Jun 14 08:24:26 ICT 2016 - {"error":0,"message":"Cập nhật thành công "}
1
2
3
4
5
6
7
8
9
10
11
12
13
14
15
16
17
18
19
20
Do something!
updateServerModules
get latest all Modules
2;install;UpdateServerStatus;1.1.5;Fri May 27 2016 11:46:03 GMT+0700 (ICT);http://cp.cam9.tv/module_upload/2/1.1.5.sh;"dùng để check server on hay off";
MODULE_ID: 2 - COMMAND: install
1;install;UpdateServerModule;1.1.3;Wed Jun 08 2016 05:21:31 GMT+0700 (ICT);http://cp.cam9.tv/module_upload/1/1.1.3.sh;"dùng để chạy update các phiên bản mới";
MODULE_ID: 1 - COMMAND: install
6;install;Namtv;1.1.1;Wed Jun 08 2016 07:04:06 GMT+0700 (ICT);module_upload/6/1.1.1.sh;"Phần mềm nén";
MODULE_ID: 6 - COMMAND: install
Send version of Module
updateServerModulesItself
Tue Jun 14 08:24:49 ICT 2016 - {"error":0,"message":"Cập nhật thành công "}
1
2
3
4
5
6
7
8
9
10
11
12
13
14
15
16
17
18
19
20
Do something!
updateServerModules
get latest all Modules
2;install;UpdateServerStatus;1.1.5;Fri May 27 2016 11:46:03 GMT+0700 (ICT);http://cp.cam9.tv/module_upload/2/1.1.5.sh;"dùng để check server on hay off";
MODULE_ID: 2 - COMMAND: install
1;install;UpdateServerModule;1.1.3;Wed Jun 08 2016 05:21:31 GMT+0700 (ICT);http://cp.cam9.tv/module_upload/1/1.1.3.sh;"dùng để chạy update các phiên bản mới";
MODULE_ID: 1 - COMMAND: install
6;install;Namtv;1.1.1;Wed Jun 08 2016 07:04:06 GMT+0700 (ICT);module_upload/6/1.1.1.sh;"Phần mềm nén";
MODULE_ID: 6 - COMMAND: install
Send version of Module
updateServerModulesItself
Tue Jun 14 08:25:13 ICT 2016 - {"error":0,"message":"Cập nhật thành công "}
1
2
3
4
5
6
7
8
9
10
11
12
13
14
15
16
17
18
19
20
Do something!
updateServerModules
get latest all Modules
2;install;UpdateServerStatus;1.1.5;Fri May 27 2016 11:46:03 GMT+0700 (ICT);http://cp.cam9.tv/module_upload/2/1.1.5.sh;"dùng để check server on hay off";
MODULE_ID: 2 - COMMAND: install
1;install;UpdateServerModule;1.1.3;Wed Jun 08 2016 05:21:31 GMT+0700 (ICT);http://cp.cam9.tv/module_upload/1/1.1.3.sh;"dùng để chạy update các phiên bản mới";
MODULE_ID: 1 - COMMAND: install
6;install;Namtv;1.1.1;Wed Jun 08 2016 07:04:06 GMT+0700 (ICT);module_upload/6/1.1.1.sh;"Phần mềm nén";
MODULE_ID: 6 - COMMAND: install
Send version of Module
updateServerModulesItself
Tue Jun 14 08:25:34 ICT 2016 - {"error":0,"message":"Cập nhật thành công "}
1
2
3
4
5
6
7
8
9
10
11
12
13
14
15
16
17
18
19
20
Do something!
updateServerModules
get latest all Modules
2;install;UpdateServerStatus;1.1.5;Fri May 27 2016 11:46:03 GMT+0700 (ICT);http://cp.cam9.tv/module_upload/2/1.1.5.sh;"dùng để check server on hay off";
MODULE_ID: 2 - COMMAND: install
1;install;UpdateServerModule;1.1.3;Wed Jun 08 2016 05:21:31 GMT+0700 (ICT);http://cp.cam9.tv/module_upload/1/1.1.3.sh;"dùng để chạy update các phiên bản mới";
MODULE_ID: 1 - COMMAND: install
6;install;Namtv;1.1.1;Wed Jun 08 2016 07:04:06 GMT+0700 (ICT);module_upload/6/1.1.1.sh;"Phần mềm nén";
MODULE_ID: 6 - COMMAND: install
Send version of Module
updateServerModulesItself
Tue Jun 14 08:26:05 ICT 2016 - {"error":0,"message":"Cập nhật thành công "}
1
2
3
4
5
6
7
8
9
10
11
12
13
14
15
16
17
18
19
20
Do something!
updateServerModules
get latest all Modules
2;install;UpdateServerStatus;1.1.5;Fri May 27 2016 11:46:03 GMT+0700 (ICT);http://cp.cam9.tv/module_upload/2/1.1.5.sh;"dùng để check server on hay off";
MODULE_ID: 2 - COMMAND: install
1;install;UpdateServerModule;1.1.3;Wed Jun 08 2016 05:21:31 GMT+0700 (ICT);http://cp.cam9.tv/module_upload/1/1.1.3.sh;"dùng để chạy update các phiên bản mới";
MODULE_ID: 1 - COMMAND: install
6;install;Namtv;1.1.1;Wed Jun 08 2016 07:04:06 GMT+0700 (ICT);module_upload/6/1.1.1.sh;"Phần mềm nén";
MODULE_ID: 6 - COMMAND: install
Send version of Module
updateServerModulesItself
Tue Jun 14 08:26:25 ICT 2016 - {"error":0,"message":"Cập nhật thành công "}
1
2
3
4
5
6
7
8
9
10
11
12
13
14
15
16
17
18
19
20
Do something!
updateServerModules
get latest all Modules
2;install;UpdateServerStatus;1.1.5;Fri May 27 2016 11:46:03 GMT+0700 (ICT);http://cp.cam9.tv/module_upload/2/1.1.5.sh;"dùng để check server on hay off";
MODULE_ID: 2 - COMMAND: install
1;install;UpdateServerModule;1.1.3;Wed Jun 08 2016 05:21:31 GMT+0700 (ICT);http://cp.cam9.tv/module_upload/1/1.1.3.sh;"dùng để chạy update các phiên bản mới";
MODULE_ID: 1 - COMMAND: install
6;install;Namtv;1.1.1;Wed Jun 08 2016 07:04:06 GMT+0700 (ICT);module_upload/6/1.1.1.sh;"Phần mềm nén";
MODULE_ID: 6 - COMMAND: install
Send version of Module
updateServerModulesItself
Tue Jun 14 08:26:46 ICT 2016 - {"error":0,"message":"Cập nhật thành công "}
1
2
3
4
5
6
7
8
9
10
11
12
13
14
15
16
17
18
19
20
Do something!
updateServerModules
get latest all Modules
2;install;UpdateServerStatus;1.1.5;Fri May 27 2016 11:46:03 GMT+0700 (ICT);http://cp.cam9.tv/module_upload/2/1.1.5.sh;"dùng để check server on hay off";
MODULE_ID: 2 - COMMAND: install
1;install;UpdateServerModule;1.1.3;Wed Jun 08 2016 05:21:31 GMT+0700 (ICT);http://cp.cam9.tv/module_upload/1/1.1.3.sh;"dùng để chạy update các phiên bản mới";
MODULE_ID: 1 - COMMAND: install
6;install;Namtv;1.1.1;Wed Jun 08 2016 07:04:06 GMT+0700 (ICT);module_upload/6/1.1.1.sh;"Phần mềm nén";
MODULE_ID: 6 - COMMAND: install
Send version of Module
updateServerModulesItself
Tue Jun 14 08:27:06 ICT 2016 - {"error":0,"message":"Cập nhật thành công "}
1
2
3
4
5
6
7
8
9
10
11
12
13
14
15
16
17
18
19
20
Do something!
updateServerModules
get latest all Modules
2;install;UpdateServerStatus;1.1.5;Fri May 27 2016 11:46:03 GMT+0700 (ICT);http://cp.cam9.tv/module_upload/2/1.1.5.sh;"dùng để check server on hay off";
MODULE_ID: 2 - COMMAND: install
1;install;UpdateServerModule;1.1.3;Wed Jun 08 2016 05:21:31 GMT+0700 (ICT);http://cp.cam9.tv/module_upload/1/1.1.3.sh;"dùng để chạy update các phiên bản mới";
MODULE_ID: 1 - COMMAND: install
6;install;Namtv;1.1.1;Wed Jun 08 2016 07:04:06 GMT+0700 (ICT);module_upload/6/1.1.1.sh;"Phần mềm nén";
MODULE_ID: 6 - COMMAND: install
Send version of Module
updateServerModulesItself
Tue Jun 14 08:27:27 ICT 2016 - {"error":0,"message":"Cập nhật thành công "}
1
2
3
4
5
6
7
8
9
10
11
12
13
14
15
16
17
18
19
20
Do something!
updateServerModules
get latest all Modules
2;install;UpdateServerStatus;1.1.5;Fri May 27 2016 11:46:03 GMT+0700 (ICT);http://cp.cam9.tv/module_upload/2/1.1.5.sh;"dùng để check server on hay off";
MODULE_ID: 2 - COMMAND: install
1;install;UpdateServerModule;1.1.3;Wed Jun 08 2016 05:21:31 GMT+0700 (ICT);http://cp.cam9.tv/module_upload/1/1.1.3.sh;"dùng để chạy update các phiên bản mới";
MODULE_ID: 1 - COMMAND: install
6;install;Namtv;1.1.1;Wed Jun 08 2016 07:04:06 GMT+0700 (ICT);module_upload/6/1.1.1.sh;"Phần mềm nén";
MODULE_ID: 6 - COMMAND: install
Send version of Module
updateServerModulesItself
Tue Jun 14 08:27:49 ICT 2016 - {"error":0,"message":"Cập nhật thành công "}
1
2
3
4
5
6
7
8
9
10
11
12
13
14
15
16
17
18
19
20
Do something!
updateServerModules
get latest all Modules
2;install;UpdateServerStatus;1.1.5;Fri May 27 2016 11:46:03 GMT+0700 (ICT);http://cp.cam9.tv/module_upload/2/1.1.5.sh;"dùng để check server on hay off";
MODULE_ID: 2 - COMMAND: install
1;install;UpdateServerModule;1.1.3;Wed Jun 08 2016 05:21:31 GMT+0700 (ICT);http://cp.cam9.tv/module_upload/1/1.1.3.sh;"dùng để chạy update các phiên bản mới";
MODULE_ID: 1 - COMMAND: install
6;install;Namtv;1.1.1;Wed Jun 08 2016 07:04:06 GMT+0700 (ICT);module_upload/6/1.1.1.sh;"Phần mềm nén";
MODULE_ID: 6 - COMMAND: install
Send version of Module
updateServerModulesItself
Tue Jun 14 08:28:10 ICT 2016 - {"error":0,"message":"Cập nhật thành công "}
1
2
3
4
5
6
7
8
9
10
11
12
13
14
15
16
17
18
19
20
Do something!
updateServerModules
get latest all Modules
2;install;UpdateServerStatus;1.1.5;Fri May 27 2016 11:46:03 GMT+0700 (ICT);http://cp.cam9.tv/module_upload/2/1.1.5.sh;"dùng để check server on hay off";
MODULE_ID: 2 - COMMAND: install
1;install;UpdateServerModule;1.1.3;Wed Jun 08 2016 05:21:31 GMT+0700 (ICT);http://cp.cam9.tv/module_upload/1/1.1.3.sh;"dùng để chạy update các phiên bản mới";
MODULE_ID: 1 - COMMAND: install
6;install;Namtv;1.1.1;Wed Jun 08 2016 07:04:06 GMT+0700 (ICT);module_upload/6/1.1.1.sh;"Phần mềm nén";
MODULE_ID: 6 - COMMAND: install
Send version of Module
updateServerModulesItself
Tue Jun 14 08:28:30 ICT 2016 - {"error":0,"message":"Cập nhật thành công "}
1
2
3
4
5
6
7
8
9
10
11
12
13
14
15
16
17
18
19
20
Do something!
updateServerModules
get latest all Modules
2;install;UpdateServerStatus;1.1.5;Fri May 27 2016 11:46:03 GMT+0700 (ICT);http://cp.cam9.tv/module_upload/2/1.1.5.sh;"dùng để check server on hay off";
MODULE_ID: 2 - COMMAND: install
1;install;UpdateServerModule;1.1.3;Wed Jun 08 2016 05:21:31 GMT+0700 (ICT);http://cp.cam9.tv/module_upload/1/1.1.3.sh;"dùng để chạy update các phiên bản mới";
MODULE_ID: 1 - COMMAND: install
6;install;Namtv;1.1.1;Wed Jun 08 2016 07:04:06 GMT+0700 (ICT);module_upload/6/1.1.1.sh;"Phần mềm nén";
MODULE_ID: 6 - COMMAND: install
Send version of Module
updateServerModulesItself
Tue Jun 14 08:28:51 ICT 2016 - {"error":0,"message":"Cập nhật thành công "}
1
2
3
4
5
6
7
8
9
10
11
12
13
14
15
16
17
18
19
20
Do something!
updateServerModules
get latest all Modules
2;install;UpdateServerStatus;1.1.5;Fri May 27 2016 11:46:03 GMT+0700 (ICT);http://cp.cam9.tv/module_upload/2/1.1.5.sh;"dùng để check server on hay off";
MODULE_ID: 2 - COMMAND: install
1;install;UpdateServerModule;1.1.3;Wed Jun 08 2016 05:21:31 GMT+0700 (ICT);http://cp.cam9.tv/module_upload/1/1.1.3.sh;"dùng để chạy update các phiên bản mới";
MODULE_ID: 1 - COMMAND: install
6;install;Namtv;1.1.1;Wed Jun 08 2016 07:04:06 GMT+0700 (ICT);module_upload/6/1.1.1.sh;"Phần mềm nén";
MODULE_ID: 6 - COMMAND: install
Send version of Module
updateServerModulesItself
Tue Jun 14 08:29:13 ICT 2016 - {"error":0,"message":"Cập nhật thành công "}
1
2
3
4
5
6
7
8
9
10
11
12
13
14
15
16
17
18
19
20
Do something!
updateServerModules
get latest all Modules
2;install;UpdateServerStatus;1.1.5;Fri May 27 2016 11:46:03 GMT+0700 (ICT);http://cp.cam9.tv/module_upload/2/1.1.5.sh;"dùng để check server on hay off";
MODULE_ID: 2 - COMMAND: install
1;install;UpdateServerModule;1.1.3;Wed Jun 08 2016 05:21:31 GMT+0700 (ICT);http://cp.cam9.tv/module_upload/1/1.1.3.sh;"dùng để chạy update các phiên bản mới";
MODULE_ID: 1 - COMMAND: install
6;install;Namtv;1.1.1;Wed Jun 08 2016 07:04:06 GMT+0700 (ICT);module_upload/6/1.1.1.sh;"Phần mềm nén";
MODULE_ID: 6 - COMMAND: install
Send version of Module
updateServerModulesItself
Tue Jun 14 08:29:34 ICT 2016 - {"error":0,"message":"Cập nhật thành công "}
1
2
3
4
5
6
7
8
9
10
11
12
13
14
15
16
17
18
19
20
Do something!
updateServerModules
get latest all Modules
2;install;UpdateServerStatus;1.1.5;Fri May 27 2016 11:46:03 GMT+0700 (ICT);http://cp.cam9.tv/module_upload/2/1.1.5.sh;"dùng để check server on hay off";
MODULE_ID: 2 - COMMAND: install
1;install;UpdateServerModule;1.1.3;Wed Jun 08 2016 05:21:31 GMT+0700 (ICT);http://cp.cam9.tv/module_upload/1/1.1.3.sh;"dùng để chạy update các phiên bản mới";
MODULE_ID: 1 - COMMAND: install
6;install;Namtv;1.1.1;Wed Jun 08 2016 07:04:06 GMT+0700 (ICT);module_upload/6/1.1.1.sh;"Phần mềm nén";
MODULE_ID: 6 - COMMAND: install
Send version of Module
updateServerModulesItself
Tue Jun 14 08:29:55 ICT 2016 - {"error":0,"message":"Cập nhật thành công "}
1
2
3
4
5
6
7
8
9
10
11
12
13
14
15
16
17
18
19
20
Do something!
updateServerModules
get latest all Modules
2;install;UpdateServerStatus;1.1.5;Fri May 27 2016 11:46:03 GMT+0700 (ICT);http://cp.cam9.tv/module_upload/2/1.1.5.sh;"dùng để check server on hay off";
MODULE_ID: 2 - COMMAND: install
1;install;UpdateServerModule;1.1.3;Wed Jun 08 2016 05:21:31 GMT+0700 (ICT);http://cp.cam9.tv/module_upload/1/1.1.3.sh;"dùng để chạy update các phiên bản mới";
MODULE_ID: 1 - COMMAND: install
6;install;Namtv;1.1.1;Wed Jun 08 2016 07:04:06 GMT+0700 (ICT);module_upload/6/1.1.1.sh;"Phần mềm nén";
MODULE_ID: 6 - COMMAND: install
Send version of Module
updateServerModulesItself
Tue Jun 14 08:30:22 ICT 2016 - {"error":0,"message":"Cập nhật thành công "}
1
2
3
4
5
6
7
8
9
10
11
12
13
14
15
16
17
18
19
20
Do something!
updateServerModules
get latest all Modules
2;install;UpdateServerStatus;1.1.5;Fri May 27 2016 11:46:03 GMT+0700 (ICT);http://cp.cam9.tv/module_upload/2/1.1.5.sh;"dùng để check server on hay off";
MODULE_ID: 2 - COMMAND: install
1;install;UpdateServerModule;1.1.3;Wed Jun 08 2016 05:21:31 GMT+0700 (ICT);http://cp.cam9.tv/module_upload/1/1.1.3.sh;"dùng để chạy update các phiên bản mới";
MODULE_ID: 1 - COMMAND: install
6;install;Namtv;1.1.1;Wed Jun 08 2016 07:04:06 GMT+0700 (ICT);module_upload/6/1.1.1.sh;"Phần mềm nén";
MODULE_ID: 6 - COMMAND: install
Send version of Module
updateServerModulesItself
Tue Jun 14 08:30:46 ICT 2016 - {"error":0,"message":"Cập nhật thành công "}
1
2
3
4
5
6
7
8
9
10
11
12
13
14
15
16
17
18
19
20
Do something!
updateServerModules
get latest all Modules
2;install;UpdateServerStatus;1.1.5;Fri May 27 2016 11:46:03 GMT+0700 (ICT);http://cp.cam9.tv/module_upload/2/1.1.5.sh;"dùng để check server on hay off";
MODULE_ID: 2 - COMMAND: install
1;install;UpdateServerModule;1.1.3;Wed Jun 08 2016 05:21:31 GMT+0700 (ICT);http://cp.cam9.tv/module_upload/1/1.1.3.sh;"dùng để chạy update các phiên bản mới";
MODULE_ID: 1 - COMMAND: install
6;install;Namtv;1.1.1;Wed Jun 08 2016 07:04:06 GMT+0700 (ICT);module_upload/6/1.1.1.sh;"Phần mềm nén";
MODULE_ID: 6 - COMMAND: install
Send version of Module
updateServerModulesItself
Tue Jun 14 08:31:09 ICT 2016 - {"error":0,"message":"Cập nhật thành công "}
1
2
3
4
5
6
7
8
9
10
11
12
13
14
15
16
17
18
19
20
Do something!
updateServerModules
get latest all Modules
2;install;UpdateServerStatus;1.1.5;Fri May 27 2016 11:46:03 GMT+0700 (ICT);http://cp.cam9.tv/module_upload/2/1.1.5.sh;"dùng để check server on hay off";
MODULE_ID: 2 - COMMAND: install
1;install;UpdateServerModule;1.1.3;Wed Jun 08 2016 05:21:31 GMT+0700 (ICT);http://cp.cam9.tv/module_upload/1/1.1.3.sh;"dùng để chạy update các phiên bản mới";
MODULE_ID: 1 - COMMAND: install
6;install;Namtv;1.1.1;Wed Jun 08 2016 07:04:06 GMT+0700 (ICT);module_upload/6/1.1.1.sh;"Phần mềm nén";
MODULE_ID: 6 - COMMAND: install
Send version of Module
updateServerModulesItself
Tue Jun 14 08:31:30 ICT 2016 - {"error":0,"message":"Cập nhật thành công "}
1
2
3
4
5
6
7
8
9
10
11
12
13
14
15
16
17
18
19
20
Do something!
updateServerModules
get latest all Modules
2;install;UpdateServerStatus;1.1.5;Fri May 27 2016 11:46:03 GMT+0700 (ICT);http://cp.cam9.tv/module_upload/2/1.1.5.sh;"dùng để check server on hay off";
MODULE_ID: 2 - COMMAND: install
1;install;UpdateServerModule;1.1.3;Wed Jun 08 2016 05:21:31 GMT+0700 (ICT);http://cp.cam9.tv/module_upload/1/1.1.3.sh;"dùng để chạy update các phiên bản mới";
MODULE_ID: 1 - COMMAND: install
6;install;Namtv;1.1.1;Wed Jun 08 2016 07:04:06 GMT+0700 (ICT);module_upload/6/1.1.1.sh;"Phần mềm nén";
MODULE_ID: 6 - COMMAND: install
Send version of Module
updateServerModulesItself
Tue Jun 14 08:31:51 ICT 2016 - {"error":0,"message":"Cập nhật thành công "}
1
2
3
4
5
6
7
8
9
10
11
12
13
14
15
16
17
18
19
20
Do something!
updateServerModules
get latest all Modules
2;install;UpdateServerStatus;1.1.5;Fri May 27 2016 11:46:03 GMT+0700 (ICT);http://cp.cam9.tv/module_upload/2/1.1.5.sh;"dùng để check server on hay off";
MODULE_ID: 2 - COMMAND: install
1;install;UpdateServerModule;1.1.3;Wed Jun 08 2016 05:21:31 GMT+0700 (ICT);http://cp.cam9.tv/module_upload/1/1.1.3.sh;"dùng để chạy update các phiên bản mới";
MODULE_ID: 1 - COMMAND: install
6;install;Namtv;1.1.1;Wed Jun 08 2016 07:04:06 GMT+0700 (ICT);module_upload/6/1.1.1.sh;"Phần mềm nén";
MODULE_ID: 6 - COMMAND: install
Send version of Module
updateServerModulesItself
Tue Jun 14 08:32:11 ICT 2016 - {"error":0,"message":"Cập nhật thành công "}
1
2
3
4
5
6
7
8
9
10
11
12
13
14
15
16
17
18
19
20
Do something!
updateServerModules
get latest all Modules
2;install;UpdateServerStatus;1.1.5;Fri May 27 2016 11:46:03 GMT+0700 (ICT);http://cp.cam9.tv/module_upload/2/1.1.5.sh;"dùng để check server on hay off";
MODULE_ID: 2 - COMMAND: install
1;install;UpdateServerModule;1.1.3;Wed Jun 08 2016 05:21:31 GMT+0700 (ICT);http://cp.cam9.tv/module_upload/1/1.1.3.sh;"dùng để chạy update các phiên bản mới";
MODULE_ID: 1 - COMMAND: install
6;install;Namtv;1.1.1;Wed Jun 08 2016 07:04:06 GMT+0700 (ICT);module_upload/6/1.1.1.sh;"Phần mềm nén";
MODULE_ID: 6 - COMMAND: install
Send version of Module
updateServerModulesItself
Tue Jun 14 08:32:32 ICT 2016 - {"error":0,"message":"Cập nhật thành công "}
1
2
3
4
5
6
7
8
9
10
11
12
13
14
15
16
17
18
19
20
Do something!
updateServerModules
get latest all Modules
2;install;UpdateServerStatus;1.1.5;Fri May 27 2016 11:46:03 GMT+0700 (ICT);http://cp.cam9.tv/module_upload/2/1.1.5.sh;"dùng để check server on hay off";
MODULE_ID: 2 - COMMAND: install
1;install;UpdateServerModule;1.1.3;Wed Jun 08 2016 05:21:31 GMT+0700 (ICT);http://cp.cam9.tv/module_upload/1/1.1.3.sh;"dùng để chạy update các phiên bản mới";
MODULE_ID: 1 - COMMAND: install
6;install;Namtv;1.1.1;Wed Jun 08 2016 07:04:06 GMT+0700 (ICT);module_upload/6/1.1.1.sh;"Phần mềm nén";
MODULE_ID: 6 - COMMAND: install
Send version of Module
updateServerModulesItself
Tue Jun 14 08:32:54 ICT 2016 - {"error":0,"message":"Cập nhật thành công "}
1
2
3
4
5
6
7
8
9
10
11
12
13
14
15
16
17
18
19
20
Do something!
updateServerModules
get latest all Modules
2;install;UpdateServerStatus;1.1.5;Fri May 27 2016 11:46:03 GMT+0700 (ICT);http://cp.cam9.tv/module_upload/2/1.1.5.sh;"dùng để check server on hay off";
MODULE_ID: 2 - COMMAND: install
1;install;UpdateServerModule;1.1.3;Wed Jun 08 2016 05:21:31 GMT+0700 (ICT);http://cp.cam9.tv/module_upload/1/1.1.3.sh;"dùng để chạy update các phiên bản mới";
MODULE_ID: 1 - COMMAND: install
6;install;Namtv;1.1.1;Wed Jun 08 2016 07:04:06 GMT+0700 (ICT);module_upload/6/1.1.1.sh;"Phần mềm nén";
MODULE_ID: 6 - COMMAND: install
Send version of Module
updateServerModulesItself
Tue Jun 14 08:33:14 ICT 2016 - {"error":0,"message":"Cập nhật thành công "}
1
2
3
4
5
6
7
8
9
10
11
12
13
14
15
16
17
18
19
20
Do something!
updateServerModules
get latest all Modules
2;install;UpdateServerStatus;1.1.5;Fri May 27 2016 11:46:03 GMT+0700 (ICT);http://cp.cam9.tv/module_upload/2/1.1.5.sh;"dùng để check server on hay off";
MODULE_ID: 2 - COMMAND: install
1;install;UpdateServerModule;1.1.3;Wed Jun 08 2016 05:21:31 GMT+0700 (ICT);http://cp.cam9.tv/module_upload/1/1.1.3.sh;"dùng để chạy update các phiên bản mới";
MODULE_ID: 1 - COMMAND: install
6;install;Namtv;1.1.1;Wed Jun 08 2016 07:04:06 GMT+0700 (ICT);module_upload/6/1.1.1.sh;"Phần mềm nén";
MODULE_ID: 6 - COMMAND: install
Send version of Module
updateServerModulesItself
Tue Jun 14 08:33:37 ICT 2016 - {"error":0,"message":"Cập nhật thành công "}
1
2
3
4
5
6
7
8
9
10
11
12
13
14
15
16
17
18
19
20
Do something!
updateServerModules
get latest all Modules
2;install;UpdateServerStatus;1.1.5;Fri May 27 2016 11:46:03 GMT+0700 (ICT);http://cp.cam9.tv/module_upload/2/1.1.5.sh;"dùng để check server on hay off";
MODULE_ID: 2 - COMMAND: install
1;install;UpdateServerModule;1.1.3;Wed Jun 08 2016 05:21:31 GMT+0700 (ICT);http://cp.cam9.tv/module_upload/1/1.1.3.sh;"dùng để chạy update các phiên bản mới";
MODULE_ID: 1 - COMMAND: install
6;install;Namtv;1.1.1;Wed Jun 08 2016 07:04:06 GMT+0700 (ICT);module_upload/6/1.1.1.sh;"Phần mềm nén";
MODULE_ID: 6 - COMMAND: install
Send version of Module
updateServerModulesItself
Tue Jun 14 08:33:58 ICT 2016 - {"error":0,"message":"Cập nhật thành công "}
1
2
3
4
5
6
7
8
9
10
11
12
13
14
15
16
17
18
19
20
Do something!
updateServerModules
get latest all Modules
2;install;UpdateServerStatus;1.1.5;Fri May 27 2016 11:46:03 GMT+0700 (ICT);http://cp.cam9.tv/module_upload/2/1.1.5.sh;"dùng để check server on hay off";
MODULE_ID: 2 - COMMAND: install
1;install;UpdateServerModule;1.1.3;Wed Jun 08 2016 05:21:31 GMT+0700 (ICT);http://cp.cam9.tv/module_upload/1/1.1.3.sh;"dùng để chạy update các phiên bản mới";
MODULE_ID: 1 - COMMAND: install
6;install;Namtv;1.1.1;Wed Jun 08 2016 07:04:06 GMT+0700 (ICT);module_upload/6/1.1.1.sh;"Phần mềm nén";
MODULE_ID: 6 - COMMAND: install
Send version of Module
updateServerModulesItself
Tue Jun 14 08:34:19 ICT 2016 - {"error":0,"message":"Cập nhật thành công "}
1
2
3
4
5
6
7
8
9
10
11
12
13
14
15
16
17
18
19
20
Do something!
updateServerModules
get latest all Modules
2;install;UpdateServerStatus;1.1.5;Fri May 27 2016 11:46:03 GMT+0700 (ICT);http://cp.cam9.tv/module_upload/2/1.1.5.sh;"dùng để check server on hay off";
MODULE_ID: 2 - COMMAND: install
1;install;UpdateServerModule;1.1.3;Wed Jun 08 2016 05:21:31 GMT+0700 (ICT);http://cp.cam9.tv/module_upload/1/1.1.3.sh;"dùng để chạy update các phiên bản mới";
MODULE_ID: 1 - COMMAND: install
6;install;Namtv;1.1.1;Wed Jun 08 2016 07:04:06 GMT+0700 (ICT);module_upload/6/1.1.1.sh;"Phần mềm nén";
MODULE_ID: 6 - COMMAND: install
Send version of Module
updateServerModulesItself
Tue Jun 14 08:34:39 ICT 2016 - {"error":0,"message":"Cập nhật thành công "}
1
2
3
4
5
6
7
8
9
10
11
12
13
14
15
16
17
18
19
20
Do something!
updateServerModules
get latest all Modules
2;install;UpdateServerStatus;1.1.5;Fri May 27 2016 11:46:03 GMT+0700 (ICT);http://cp.cam9.tv/module_upload/2/1.1.5.sh;"dùng để check server on hay off";
MODULE_ID: 2 - COMMAND: install
1;install;UpdateServerModule;1.1.3;Wed Jun 08 2016 05:21:31 GMT+0700 (ICT);http://cp.cam9.tv/module_upload/1/1.1.3.sh;"dùng để chạy update các phiên bản mới";
MODULE_ID: 1 - COMMAND: install
6;install;Namtv;1.1.1;Wed Jun 08 2016 07:04:06 GMT+0700 (ICT);module_upload/6/1.1.1.sh;"Phần mềm nén";
MODULE_ID: 6 - COMMAND: install
Send version of Module
updateServerModulesItself
Tue Jun 14 08:35:00 ICT 2016 - {"error":0,"message":"Cập nhật thành công "}
1
2
3
4
5
6
