nohup: ignoring input
mkdir: cannot create directory ‘/home/sysadmin/cam9/run’: File exists
mkdir: cannot create directory ‘/home/sysadmin/cam9/source’: File exists
mkdir: cannot create directory ‘/home/sysadmin/cam9/archive’: File exists
mkdir: cannot create directory ‘/home/sysadmin/cam9/log’: File exists
First time!
updateServerModules
get latest all Modules
2;install;UpdateServerStatus;1.1.5;Fri May 27 2016 11:46:03 GMT+0700 (ICT);http://cp.cam9.tv/module_upload/2/1.1.5.sh;"dùng để check server on hay off";
MODULE_ID: 2 - COMMAND: install
1;install;UpdateServerModule;1.1.3;Wed Jun 08 2016 05:21:31 GMT+0700 (ICT);http://cp.cam9.tv/module_upload/1/1.1.3.sh;"dùng để chạy update các phiên bản mới";
MODULE_ID: 1 - COMMAND: install
6;install;Namtv;1.1.1;Wed Jun 08 2016 07:04:06 GMT+0700 (ICT);module_upload/6/1.1.1.sh;"Phần mềm nén";
MODULE_ID: 6 - COMMAND: install
Send version of Module
updateServerModulesItself
1
2
3
4
5
6
7
8
9
10
11
12
13
14
15
16
17
18
19
20
Do something!
updateServerModules
get latest all Modules
2;install;UpdateServerStatus;1.1.5;Fri May 27 2016 11:46:03 GMT+0700 (ICT);http://cp.cam9.tv/module_upload/2/1.1.5.sh;"dùng để check server on hay off";
MODULE_ID: 2 - COMMAND: install
1;install;UpdateServerModule;1.1.3;Wed Jun 08 2016 05:21:31 GMT+0700 (ICT);http://cp.cam9.tv/module_upload/1/1.1.3.sh;"dùng để chạy update các phiên bản mới";
MODULE_ID: 1 - COMMAND: install
6;install;Namtv;1.1.1;Wed Jun 08 2016 07:04:06 GMT+0700 (ICT);module_upload/6/1.1.1.sh;"Phần mềm nén";
MODULE_ID: 6 - COMMAND: install
Send version of Module
updateServerModulesItself
Sat Jun 11 08:16:57 ICT 2016 - {"error":0,"message":"Cập nhật thành công "}
1
2
3
4
5
6
7
8
9
10
11
12
13
14
15
16
17
18
19
20
Do something!
updateServerModules
get latest all Modules
2;install;UpdateServerStatus;1.1.5;Fri May 27 2016 11:46:03 GMT+0700 (ICT);http://cp.cam9.tv/module_upload/2/1.1.5.sh;"dùng để check server on hay off";
MODULE_ID: 2 - COMMAND: install
1;install;UpdateServerModule;1.1.3;Wed Jun 08 2016 05:21:31 GMT+0700 (ICT);http://cp.cam9.tv/module_upload/1/1.1.3.sh;"dùng để chạy update các phiên bản mới";
MODULE_ID: 1 - COMMAND: install
6;install;Namtv;1.1.1;Wed Jun 08 2016 07:04:06 GMT+0700 (ICT);module_upload/6/1.1.1.sh;"Phần mềm nén";
MODULE_ID: 6 - COMMAND: install
Send version of Module
updateServerModulesItself
Sat Jun 11 08:17:18 ICT 2016 - {"error":0,"message":"Cập nhật thành công "}
1
2
3
4
5
6
7
8
9
10
11
12
13
14
15
16
17
18
19
20
Do something!
updateServerModules
get latest all Modules
2;install;UpdateServerStatus;1.1.5;Fri May 27 2016 11:46:03 GMT+0700 (ICT);http://cp.cam9.tv/module_upload/2/1.1.5.sh;"dùng để check server on hay off";
MODULE_ID: 2 - COMMAND: install
1;install;UpdateServerModule;1.1.3;Wed Jun 08 2016 05:21:31 GMT+0700 (ICT);http://cp.cam9.tv/module_upload/1/1.1.3.sh;"dùng để chạy update các phiên bản mới";
MODULE_ID: 1 - COMMAND: install
6;install;Namtv;1.1.1;Wed Jun 08 2016 07:04:06 GMT+0700 (ICT);module_upload/6/1.1.1.sh;"Phần mềm nén";
MODULE_ID: 6 - COMMAND: install
Send version of Module
updateServerModulesItself
Sat Jun 11 08:17:38 ICT 2016 - {"error":0,"message":"Cập nhật thành công "}
1
2
3
4
5
6
7
8
9
10
11
12
13
14
15
16
17
18
19
20
Do something!
updateServerModules
get latest all Modules
2;install;UpdateServerStatus;1.1.5;Fri May 27 2016 11:46:03 GMT+0700 (ICT);http://cp.cam9.tv/module_upload/2/1.1.5.sh;"dùng để check server on hay off";
MODULE_ID: 2 - COMMAND: install
1;install;UpdateServerModule;1.1.3;Wed Jun 08 2016 05:21:31 GMT+0700 (ICT);http://cp.cam9.tv/module_upload/1/1.1.3.sh;"dùng để chạy update các phiên bản mới";
MODULE_ID: 1 - COMMAND: install
6;install;Namtv;1.1.1;Wed Jun 08 2016 07:04:06 GMT+0700 (ICT);module_upload/6/1.1.1.sh;"Phần mềm nén";
MODULE_ID: 6 - COMMAND: install
Send version of Module
updateServerModulesItself
Sat Jun 11 08:17:59 ICT 2016 - {"error":0,"message":"Cập nhật thành công "}
1
2
3
4
5
6
7
8
9
10
11
12
13
14
15
16
17
18
19
20
Do something!
updateServerModules
get latest all Modules
2;install;UpdateServerStatus;1.1.5;Fri May 27 2016 11:46:03 GMT+0700 (ICT);http://cp.cam9.tv/module_upload/2/1.1.5.sh;"dùng để check server on hay off";
MODULE_ID: 2 - COMMAND: install
1;install;UpdateServerModule;1.1.3;Wed Jun 08 2016 05:21:31 GMT+0700 (ICT);http://cp.cam9.tv/module_upload/1/1.1.3.sh;"dùng để chạy update các phiên bản mới";
MODULE_ID: 1 - COMMAND: install
6;install;Namtv;1.1.1;Wed Jun 08 2016 07:04:06 GMT+0700 (ICT);module_upload/6/1.1.1.sh;"Phần mềm nén";
MODULE_ID: 6 - COMMAND: install
Send version of Module
updateServerModulesItself
Sat Jun 11 08:18:20 ICT 2016 - {"error":0,"message":"Cập nhật thành công "}
1
2
3
4
5
6
7
8
9
10
11
12
13
14
15
16
17
18
19
20
Do something!
updateServerModules
get latest all Modules
2;install;UpdateServerStatus;1.1.5;Fri May 27 2016 11:46:03 GMT+0700 (ICT);http://cp.cam9.tv/module_upload/2/1.1.5.sh;"dùng để check server on hay off";
MODULE_ID: 2 - COMMAND: install
1;install;UpdateServerModule;1.1.3;Wed Jun 08 2016 05:21:31 GMT+0700 (ICT);http://cp.cam9.tv/module_upload/1/1.1.3.sh;"dùng để chạy update các phiên bản mới";
MODULE_ID: 1 - COMMAND: install
6;install;Namtv;1.1.1;Wed Jun 08 2016 07:04:06 GMT+0700 (ICT);module_upload/6/1.1.1.sh;"Phần mềm nén";
MODULE_ID: 6 - COMMAND: install
Send version of Module
updateServerModulesItself
Sat Jun 11 08:18:41 ICT 2016 - {"error":0,"message":"Cập nhật thành công "}
1
2
3
4
5
6
7
8
9
10
11
12
13
14
15
16
17
18
19
20
Do something!
updateServerModules
get latest all Modules
2;install;UpdateServerStatus;1.1.5;Fri May 27 2016 11:46:03 GMT+0700 (ICT);http://cp.cam9.tv/module_upload/2/1.1.5.sh;"dùng để check server on hay off";
MODULE_ID: 2 - COMMAND: install
1;install;UpdateServerModule;1.1.3;Wed Jun 08 2016 05:21:31 GMT+0700 (ICT);http://cp.cam9.tv/module_upload/1/1.1.3.sh;"dùng để chạy update các phiên bản mới";
MODULE_ID: 1 - COMMAND: install
6;install;Namtv;1.1.1;Wed Jun 08 2016 07:04:06 GMT+0700 (ICT);module_upload/6/1.1.1.sh;"Phần mềm nén";
MODULE_ID: 6 - COMMAND: install
Send version of Module
updateServerModulesItself
Sat Jun 11 08:19:03 ICT 2016 - {"error":0,"message":"Cập nhật thành công "}
1
2
3
4
5
6
7
8
9
10
11
12
13
14
15
16
17
18
19
20
Do something!
updateServerModules
get latest all Modules
2;install;UpdateServerStatus;1.1.5;Fri May 27 2016 11:46:03 GMT+0700 (ICT);http://cp.cam9.tv/module_upload/2/1.1.5.sh;"dùng để check server on hay off";
MODULE_ID: 2 - COMMAND: install
1;install;UpdateServerModule;1.1.3;Wed Jun 08 2016 05:21:31 GMT+0700 (ICT);http://cp.cam9.tv/module_upload/1/1.1.3.sh;"dùng để chạy update các phiên bản mới";
MODULE_ID: 1 - COMMAND: install
6;install;Namtv;1.1.1;Wed Jun 08 2016 07:04:06 GMT+0700 (ICT);module_upload/6/1.1.1.sh;"Phần mềm nén";
MODULE_ID: 6 - COMMAND: install
Send version of Module
updateServerModulesItself
Sat Jun 11 08:19:26 ICT 2016 - {"error":0,"message":"Cập nhật thành công "}
1
2
3
4
5
6
7
8
9
10
11
12
13
14
15
16
17
18
19
20
Do something!
updateServerModules
get latest all Modules
2;install;UpdateServerStatus;1.1.5;Fri May 27 2016 11:46:03 GMT+0700 (ICT);http://cp.cam9.tv/module_upload/2/1.1.5.sh;"dùng để check server on hay off";
MODULE_ID: 2 - COMMAND: install
1;install;UpdateServerModule;1.1.3;Wed Jun 08 2016 05:21:31 GMT+0700 (ICT);http://cp.cam9.tv/module_upload/1/1.1.3.sh;"dùng để chạy update các phiên bản mới";
MODULE_ID: 1 - COMMAND: install
6;install;Namtv;1.1.1;Wed Jun 08 2016 07:04:06 GMT+0700 (ICT);module_upload/6/1.1.1.sh;"Phần mềm nén";
MODULE_ID: 6 - COMMAND: install
Send version of Module
updateServerModulesItself
Sat Jun 11 08:19:48 ICT 2016 - {"error":0,"message":"Cập nhật thành công "}
1
2
3
4
5
6
7
8
9
10
11
12
13
14
15
16
17
18
19
20
Do something!
updateServerModules
get latest all Modules
2;install;UpdateServerStatus;1.1.5;Fri May 27 2016 11:46:03 GMT+0700 (ICT);http://cp.cam9.tv/module_upload/2/1.1.5.sh;"dùng để check server on hay off";
MODULE_ID: 2 - COMMAND: install
1;install;UpdateServerModule;1.1.3;Wed Jun 08 2016 05:21:31 GMT+0700 (ICT);http://cp.cam9.tv/module_upload/1/1.1.3.sh;"dùng để chạy update các phiên bản mới";
MODULE_ID: 1 - COMMAND: install
6;install;Namtv;1.1.1;Wed Jun 08 2016 07:04:06 GMT+0700 (ICT);module_upload/6/1.1.1.sh;"Phần mềm nén";
MODULE_ID: 6 - COMMAND: install
Send version of Module
updateServerModulesItself
Sat Jun 11 08:20:12 ICT 2016 - {"error":0,"message":"Cập nhật thành công "}
1
2
3
4
5
6
7
8
9
10
11
12
13
14
15
16
17
18
19
20
Do something!
updateServerModules
get latest all Modules
2;install;UpdateServerStatus;1.1.5;Fri May 27 2016 11:46:03 GMT+0700 (ICT);http://cp.cam9.tv/module_upload/2/1.1.5.sh;"dùng để check server on hay off";
MODULE_ID: 2 - COMMAND: install
1;install;UpdateServerModule;1.1.3;Wed Jun 08 2016 05:21:31 GMT+0700 (ICT);http://cp.cam9.tv/module_upload/1/1.1.3.sh;"dùng để chạy update các phiên bản mới";
MODULE_ID: 1 - COMMAND: install
6;install;Namtv;1.1.1;Wed Jun 08 2016 07:04:06 GMT+0700 (ICT);module_upload/6/1.1.1.sh;"Phần mềm nén";
MODULE_ID: 6 - COMMAND: install
Send version of Module
updateServerModulesItself
Sat Jun 11 08:20:32 ICT 2016 - {"error":0,"message":"Cập nhật thành công "}
1
2
3
4
5
6
7
8
9
10
11
12
13
14
15
16
17
18
19
20
Do something!
updateServerModules
get latest all Modules
2;install;UpdateServerStatus;1.1.5;Fri May 27 2016 11:46:03 GMT+0700 (ICT);http://cp.cam9.tv/module_upload/2/1.1.5.sh;"dùng để check server on hay off";
MODULE_ID: 2 - COMMAND: install
1;install;UpdateServerModule;1.1.3;Wed Jun 08 2016 05:21:31 GMT+0700 (ICT);http://cp.cam9.tv/module_upload/1/1.1.3.sh;"dùng để chạy update các phiên bản mới";
MODULE_ID: 1 - COMMAND: install
6;install;Namtv;1.1.1;Wed Jun 08 2016 07:04:06 GMT+0700 (ICT);module_upload/6/1.1.1.sh;"Phần mềm nén";
MODULE_ID: 6 - COMMAND: install
Send version of Module
updateServerModulesItself
Sat Jun 11 08:20:55 ICT 2016 - {"error":0,"message":"Cập nhật thành công "}
1
2
3
4
5
6
7
8
9
10
11
12
13
14
15
16
17
18
19
20
Do something!
updateServerModules
get latest all Modules
2;install;UpdateServerStatus;1.1.5;Fri May 27 2016 11:46:03 GMT+0700 (ICT);http://cp.cam9.tv/module_upload/2/1.1.5.sh;"dùng để check server on hay off";
MODULE_ID: 2 - COMMAND: install
1;install;UpdateServerModule;1.1.3;Wed Jun 08 2016 05:21:31 GMT+0700 (ICT);http://cp.cam9.tv/module_upload/1/1.1.3.sh;"dùng để chạy update các phiên bản mới";
MODULE_ID: 1 - COMMAND: install
6;install;Namtv;1.1.1;Wed Jun 08 2016 07:04:06 GMT+0700 (ICT);module_upload/6/1.1.1.sh;"Phần mềm nén";
MODULE_ID: 6 - COMMAND: install
Send version of Module
updateServerModulesItself
Sat Jun 11 08:21:16 ICT 2016 - {"error":0,"message":"Cập nhật thành công "}
1
2
3
4
5
6
7
8
9
10
11
12
13
14
15
16
17
18
19
20
Do something!
updateServerModules
get latest all Modules
2;install;UpdateServerStatus;1.1.5;Fri May 27 2016 11:46:03 GMT+0700 (ICT);http://cp.cam9.tv/module_upload/2/1.1.5.sh;"dùng để check server on hay off";
MODULE_ID: 2 - COMMAND: install
1;install;UpdateServerModule;1.1.3;Wed Jun 08 2016 05:21:31 GMT+0700 (ICT);http://cp.cam9.tv/module_upload/1/1.1.3.sh;"dùng để chạy update các phiên bản mới";
MODULE_ID: 1 - COMMAND: install
6;install;Namtv;1.1.1;Wed Jun 08 2016 07:04:06 GMT+0700 (ICT);module_upload/6/1.1.1.sh;"Phần mềm nén";
MODULE_ID: 6 - COMMAND: install
Send version of Module
updateServerModulesItself
Sat Jun 11 08:21:36 ICT 2016 - {"error":0,"message":"Cập nhật thành công "}
1
2
3
4
5
6
7
8
9
10
11
12
13
14
15
16
17
18
19
20
Do something!
updateServerModules
get latest all Modules
2;install;UpdateServerStatus;1.1.5;Fri May 27 2016 11:46:03 GMT+0700 (ICT);http://cp.cam9.tv/module_upload/2/1.1.5.sh;"dùng để check server on hay off";
MODULE_ID: 2 - COMMAND: install
1;install;UpdateServerModule;1.1.3;Wed Jun 08 2016 05:21:31 GMT+0700 (ICT);http://cp.cam9.tv/module_upload/1/1.1.3.sh;"dùng để chạy update các phiên bản mới";
MODULE_ID: 1 - COMMAND: install
6;install;Namtv;1.1.1;Wed Jun 08 2016 07:04:06 GMT+0700 (ICT);module_upload/6/1.1.1.sh;"Phần mềm nén";
MODULE_ID: 6 - COMMAND: install
Send version of Module
updateServerModulesItself
Sat Jun 11 08:22:00 ICT 2016 - {"error":0,"message":"Cập nhật thành công "}
1
2
3
4
5
6
7
8
9
10
11
12
13
14
15
16
17
18
19
20
Do something!
updateServerModules
get latest all Modules
2;install;UpdateServerStatus;1.1.5;Fri May 27 2016 11:46:03 GMT+0700 (ICT);http://cp.cam9.tv/module_upload/2/1.1.5.sh;"dùng để check server on hay off";
MODULE_ID: 2 - COMMAND: install
1;install;UpdateServerModule;1.1.3;Wed Jun 08 2016 05:21:31 GMT+0700 (ICT);http://cp.cam9.tv/module_upload/1/1.1.3.sh;"dùng để chạy update các phiên bản mới";
MODULE_ID: 1 - COMMAND: install
6;install;Namtv;1.1.1;Wed Jun 08 2016 07:04:06 GMT+0700 (ICT);module_upload/6/1.1.1.sh;"Phần mềm nén";
MODULE_ID: 6 - COMMAND: install
Send version of Module
updateServerModulesItself
Sat Jun 11 08:22:20 ICT 2016 - {"error":0,"message":"Cập nhật thành công "}
1
2
3
4
5
6
7
8
9
10
11
12
13
14
15
16
17
18
19
20
Do something!
updateServerModules
get latest all Modules
2;install;UpdateServerStatus;1.1.5;Fri May 27 2016 11:46:03 GMT+0700 (ICT);http://cp.cam9.tv/module_upload/2/1.1.5.sh;"dùng để check server on hay off";
MODULE_ID: 2 - COMMAND: install
1;install;UpdateServerModule;1.1.3;Wed Jun 08 2016 05:21:31 GMT+0700 (ICT);http://cp.cam9.tv/module_upload/1/1.1.3.sh;"dùng để chạy update các phiên bản mới";
MODULE_ID: 1 - COMMAND: install
6;install;Namtv;1.1.1;Wed Jun 08 2016 07:04:06 GMT+0700 (ICT);module_upload/6/1.1.1.sh;"Phần mềm nén";
MODULE_ID: 6 - COMMAND: install
Send version of Module
updateServerModulesItself
Sat Jun 11 08:22:41 ICT 2016 - {"error":0,"message":"Cập nhật thành công "}
1
2
3
4
5
6
7
8
9
10
11
12
13
14
15
16
17
18
19
20
Do something!
updateServerModules
get latest all Modules
2;install;UpdateServerStatus;1.1.5;Fri May 27 2016 11:46:03 GMT+0700 (ICT);http://cp.cam9.tv/module_upload/2/1.1.5.sh;"dùng để check server on hay off";
MODULE_ID: 2 - COMMAND: install
1;install;UpdateServerModule;1.1.3;Wed Jun 08 2016 05:21:31 GMT+0700 (ICT);http://cp.cam9.tv/module_upload/1/1.1.3.sh;"dùng để chạy update các phiên bản mới";
MODULE_ID: 1 - COMMAND: install
6;install;Namtv;1.1.1;Wed Jun 08 2016 07:04:06 GMT+0700 (ICT);module_upload/6/1.1.1.sh;"Phần mềm nén";
MODULE_ID: 6 - COMMAND: install
Send version of Module
updateServerModulesItself
Sat Jun 11 08:23:01 ICT 2016 - {"error":0,"message":"Cập nhật thành công "}
1
2
3
4
5
6
7
8
9
10
11
12
13
14
15
16
17
18
19
20
Do something!
updateServerModules
get latest all Modules
2;install;UpdateServerStatus;1.1.5;Fri May 27 2016 11:46:03 GMT+0700 (ICT);http://cp.cam9.tv/module_upload/2/1.1.5.sh;"dùng để check server on hay off";
MODULE_ID: 2 - COMMAND: install
1;install;UpdateServerModule;1.1.3;Wed Jun 08 2016 05:21:31 GMT+0700 (ICT);http://cp.cam9.tv/module_upload/1/1.1.3.sh;"dùng để chạy update các phiên bản mới";
MODULE_ID: 1 - COMMAND: install
6;install;Namtv;1.1.1;Wed Jun 08 2016 07:04:06 GMT+0700 (ICT);module_upload/6/1.1.1.sh;"Phần mềm nén";
MODULE_ID: 6 - COMMAND: install
Send version of Module
updateServerModulesItself
Sat Jun 11 08:23:24 ICT 2016 - {"error":0,"message":"Cập nhật thành công "}
1
2
3
4
5
6
7
8
9
10
11
12
13
14
15
16
17
18
19
20
Do something!
updateServerModules
get latest all Modules
2;install;UpdateServerStatus;1.1.5;Fri May 27 2016 11:46:03 GMT+0700 (ICT);http://cp.cam9.tv/module_upload/2/1.1.5.sh;"dùng để check server on hay off";
MODULE_ID: 2 - COMMAND: install
1;install;UpdateServerModule;1.1.3;Wed Jun 08 2016 05:21:31 GMT+0700 (ICT);http://cp.cam9.tv/module_upload/1/1.1.3.sh;"dùng để chạy update các phiên bản mới";
MODULE_ID: 1 - COMMAND: install
6;install;Namtv;1.1.1;Wed Jun 08 2016 07:04:06 GMT+0700 (ICT);module_upload/6/1.1.1.sh;"Phần mềm nén";
MODULE_ID: 6 - COMMAND: install
Send version of Module
updateServerModulesItself
Sat Jun 11 08:23:44 ICT 2016 - {"error":0,"message":"Cập nhật thành công "}
1
2
3
4
5
6
7
8
9
10
11
12
13
14
15
16
17
18
19
20
Do something!
updateServerModules
get latest all Modules
2;install;UpdateServerStatus;1.1.5;Fri May 27 2016 11:46:03 GMT+0700 (ICT);http://cp.cam9.tv/module_upload/2/1.1.5.sh;"dùng để check server on hay off";
MODULE_ID: 2 - COMMAND: install
1;install;UpdateServerModule;1.1.3;Wed Jun 08 2016 05:21:31 GMT+0700 (ICT);http://cp.cam9.tv/module_upload/1/1.1.3.sh;"dùng để chạy update các phiên bản mới";
MODULE_ID: 1 - COMMAND: install
6;install;Namtv;1.1.1;Wed Jun 08 2016 07:04:06 GMT+0700 (ICT);module_upload/6/1.1.1.sh;"Phần mềm nén";
MODULE_ID: 6 - COMMAND: install
Send version of Module
updateServerModulesItself
Sat Jun 11 08:24:05 ICT 2016 - {"error":0,"message":"Cập nhật thành công "}
1
2
3
4
5
6
7
8
9
10
11
12
13
14
15
16
17
18
19
20
Do something!
updateServerModules
get latest all Modules
2;install;UpdateServerStatus;1.1.5;Fri May 27 2016 11:46:03 GMT+0700 (ICT);http://cp.cam9.tv/module_upload/2/1.1.5.sh;"dùng để check server on hay off";
MODULE_ID: 2 - COMMAND: install
1;install;UpdateServerModule;1.1.3;Wed Jun 08 2016 05:21:31 GMT+0700 (ICT);http://cp.cam9.tv/module_upload/1/1.1.3.sh;"dùng để chạy update các phiên bản mới";
MODULE_ID: 1 - COMMAND: install
6;install;Namtv;1.1.1;Wed Jun 08 2016 07:04:06 GMT+0700 (ICT);module_upload/6/1.1.1.sh;"Phần mềm nén";
MODULE_ID: 6 - COMMAND: install
Send version of Module
updateServerModulesItself
Sat Jun 11 08:24:28 ICT 2016 - {"error":0,"message":"Cập nhật thành công "}
1
2
3
4
5
6
7
8
9
10
11
12
13
14
15
16
17
18
19
20
Do something!
updateServerModules
get latest all Modules
2;install;UpdateServerStatus;1.1.5;Fri May 27 2016 11:46:03 GMT+0700 (ICT);http://cp.cam9.tv/module_upload/2/1.1.5.sh;"dùng để check server on hay off";
MODULE_ID: 2 - COMMAND: install
1;install;UpdateServerModule;1.1.3;Wed Jun 08 2016 05:21:31 GMT+0700 (ICT);http://cp.cam9.tv/module_upload/1/1.1.3.sh;"dùng để chạy update các phiên bản mới";
MODULE_ID: 1 - COMMAND: install
6;install;Namtv;1.1.1;Wed Jun 08 2016 07:04:06 GMT+0700 (ICT);module_upload/6/1.1.1.sh;"Phần mềm nén";
MODULE_ID: 6 - COMMAND: install
Send version of Module
updateServerModulesItself
Sat Jun 11 08:24:52 ICT 2016 - {"error":0,"message":"Cập nhật thành công "}
1
2
3
4
5
6
7
8
9
10
11
12
13
14
15
16
17
18
19
20
Do something!
updateServerModules
get latest all Modules
2;install;UpdateServerStatus;1.1.5;Fri May 27 2016 11:46:03 GMT+0700 (ICT);http://cp.cam9.tv/module_upload/2/1.1.5.sh;"dùng để check server on hay off";
MODULE_ID: 2 - COMMAND: install
1;install;UpdateServerModule;1.1.3;Wed Jun 08 2016 05:21:31 GMT+0700 (ICT);http://cp.cam9.tv/module_upload/1/1.1.3.sh;"dùng để chạy update các phiên bản mới";
MODULE_ID: 1 - COMMAND: install
6;install;Namtv;1.1.1;Wed Jun 08 2016 07:04:06 GMT+0700 (ICT);module_upload/6/1.1.1.sh;"Phần mềm nén";
MODULE_ID: 6 - COMMAND: install
Send version of Module
updateServerModulesItself
Sat Jun 11 08:25:18 ICT 2016 - {"error":0,"message":"Cập nhật thành công "}
1
2
3
4
5
6
7
8
9
10
11
12
13
14
15
16
17
18
19
20
Do something!
updateServerModules
get latest all Modules
2;install;UpdateServerStatus;1.1.5;Fri May 27 2016 11:46:03 GMT+0700 (ICT);http://cp.cam9.tv/module_upload/2/1.1.5.sh;"dùng để check server on hay off";
MODULE_ID: 2 - COMMAND: install
1;install;UpdateServerModule;1.1.3;Wed Jun 08 2016 05:21:31 GMT+0700 (ICT);http://cp.cam9.tv/module_upload/1/1.1.3.sh;"dùng để chạy update các phiên bản mới";
MODULE_ID: 1 - COMMAND: install
6;install;Namtv;1.1.1;Wed Jun 08 2016 07:04:06 GMT+0700 (ICT);module_upload/6/1.1.1.sh;"Phần mềm nén";
MODULE_ID: 6 - COMMAND: install
Send version of Module
updateServerModulesItself
Sat Jun 11 08:25:40 ICT 2016 - {"error":0,"message":"Cập nhật thành công "}
1
2
3
4
5
6
7
8
9
10
11
12
13
14
15
16
17
18
19
20
Do something!
updateServerModules
get latest all Modules
2;install;UpdateServerStatus;1.1.5;Fri May 27 2016 11:46:03 GMT+0700 (ICT);http://cp.cam9.tv/module_upload/2/1.1.5.sh;"dùng để check server on hay off";
MODULE_ID: 2 - COMMAND: install
1;install;UpdateServerModule;1.1.3;Wed Jun 08 2016 05:21:31 GMT+0700 (ICT);http://cp.cam9.tv/module_upload/1/1.1.3.sh;"dùng để chạy update các phiên bản mới";
MODULE_ID: 1 - COMMAND: install
6;install;Namtv;1.1.1;Wed Jun 08 2016 07:04:06 GMT+0700 (ICT);module_upload/6/1.1.1.sh;"Phần mềm nén";
MODULE_ID: 6 - COMMAND: install
Send version of Module
updateServerModulesItself
Sat Jun 11 08:26:01 ICT 2016 - {"error":0,"message":"Cập nhật thành công "}
1
2
3
4
5
6
7
8
9
10
11
12
13
14
15
16
17
18
19
20
Do something!
updateServerModules
get latest all Modules
2;install;UpdateServerStatus;1.1.5;Fri May 27 2016 11:46:03 GMT+0700 (ICT);http://cp.cam9.tv/module_upload/2/1.1.5.sh;"dùng để check server on hay off";
MODULE_ID: 2 - COMMAND: install
1;install;UpdateServerModule;1.1.3;Wed Jun 08 2016 05:21:31 GMT+0700 (ICT);http://cp.cam9.tv/module_upload/1/1.1.3.sh;"dùng để chạy update các phiên bản mới";
MODULE_ID: 1 - COMMAND: install
6;install;Namtv;1.1.1;Wed Jun 08 2016 07:04:06 GMT+0700 (ICT);module_upload/6/1.1.1.sh;"Phần mềm nén";
MODULE_ID: 6 - COMMAND: install
Send version of Module
updateServerModulesItself
Sat Jun 11 08:26:24 ICT 2016 - {"error":0,"message":"Cập nhật thành công "}
1
2
3
4
5
6
7
8
9
10
11
12
13
14
15
16
17
18
19
20
Do something!
updateServerModules
get latest all Modules
2;install;UpdateServerStatus;1.1.5;Fri May 27 2016 11:46:03 GMT+0700 (ICT);http://cp.cam9.tv/module_upload/2/1.1.5.sh;"dùng để check server on hay off";
MODULE_ID: 2 - COMMAND: install
1;install;UpdateServerModule;1.1.3;Wed Jun 08 2016 05:21:31 GMT+0700 (ICT);http://cp.cam9.tv/module_upload/1/1.1.3.sh;"dùng để chạy update các phiên bản mới";
MODULE_ID: 1 - COMMAND: install
6;install;Namtv;1.1.1;Wed Jun 08 2016 07:04:06 GMT+0700 (ICT);module_upload/6/1.1.1.sh;"Phần mềm nén";
MODULE_ID: 6 - COMMAND: install
Send version of Module
updateServerModulesItself
Sat Jun 11 08:26:47 ICT 2016 - {"error":0,"message":"Cập nhật thành công "}
1
2
3
4
5
6
7
8
9
10
11
12
13
14
15
16
17
18
19
20
Do something!
updateServerModules
get latest all Modules
2;install;UpdateServerStatus;1.1.5;Fri May 27 2016 11:46:03 GMT+0700 (ICT);http://cp.cam9.tv/module_upload/2/1.1.5.sh;"dùng để check server on hay off";
MODULE_ID: 2 - COMMAND: install
1;install;UpdateServerModule;1.1.3;Wed Jun 08 2016 05:21:31 GMT+0700 (ICT);http://cp.cam9.tv/module_upload/1/1.1.3.sh;"dùng để chạy update các phiên bản mới";
MODULE_ID: 1 - COMMAND: install
6;install;Namtv;1.1.1;Wed Jun 08 2016 07:04:06 GMT+0700 (ICT);module_upload/6/1.1.1.sh;"Phần mềm nén";
MODULE_ID: 6 - COMMAND: install
Send version of Module
updateServerModulesItself
Sat Jun 11 08:27:07 ICT 2016 - {"error":0,"message":"Cập nhật thành công "}
1
2
3
4
5
6
7
8
9
10
11
12
13
14
15
16
17
18
19
20
Do something!
updateServerModules
get latest all Modules
2;install;UpdateServerStatus;1.1.5;Fri May 27 2016 11:46:03 GMT+0700 (ICT);http://cp.cam9.tv/module_upload/2/1.1.5.sh;"dùng để check server on hay off";
MODULE_ID: 2 - COMMAND: install
1;install;UpdateServerModule;1.1.3;Wed Jun 08 2016 05:21:31 GMT+0700 (ICT);http://cp.cam9.tv/module_upload/1/1.1.3.sh;"dùng để chạy update các phiên bản mới";
MODULE_ID: 1 - COMMAND: install
6;install;Namtv;1.1.1;Wed Jun 08 2016 07:04:06 GMT+0700 (ICT);module_upload/6/1.1.1.sh;"Phần mềm nén";
MODULE_ID: 6 - COMMAND: install
Send version of Module
updateServerModulesItself
Sat Jun 11 08:27:28 ICT 2016 - {"error":0,"message":"Cập nhật thành công "}
1
2
3
4
5
6
7
8
9
10
11
12
13
14
15
16
17
18
19
20
Do something!
updateServerModules
get latest all Modules
2;install;UpdateServerStatus;1.1.5;Fri May 27 2016 11:46:03 GMT+0700 (ICT);http://cp.cam9.tv/module_upload/2/1.1.5.sh;"dùng để check server on hay off";
MODULE_ID: 2 - COMMAND: install
1;install;UpdateServerModule;1.1.3;Wed Jun 08 2016 05:21:31 GMT+0700 (ICT);http://cp.cam9.tv/module_upload/1/1.1.3.sh;"dùng để chạy update các phiên bản mới";
MODULE_ID: 1 - COMMAND: install
6;install;Namtv;1.1.1;Wed Jun 08 2016 07:04:06 GMT+0700 (ICT);module_upload/6/1.1.1.sh;"Phần mềm nén";
MODULE_ID: 6 - COMMAND: install
Send version of Module
updateServerModulesItself
Sat Jun 11 08:27:49 ICT 2016 - {"error":0,"message":"Cập nhật thành công "}
1
2
3
4
5
6
7
8
9
10
11
12
13
14
15
16
17
18
19
20
Do something!
updateServerModules
get latest all Modules
2;install;UpdateServerStatus;1.1.5;Fri May 27 2016 11:46:03 GMT+0700 (ICT);http://cp.cam9.tv/module_upload/2/1.1.5.sh;"dùng để check server on hay off";
MODULE_ID: 2 - COMMAND: install
1;install;UpdateServerModule;1.1.3;Wed Jun 08 2016 05:21:31 GMT+0700 (ICT);http://cp.cam9.tv/module_upload/1/1.1.3.sh;"dùng để chạy update các phiên bản mới";
MODULE_ID: 1 - COMMAND: install
6;install;Namtv;1.1.1;Wed Jun 08 2016 07:04:06 GMT+0700 (ICT);module_upload/6/1.1.1.sh;"Phần mềm nén";
MODULE_ID: 6 - COMMAND: install
Send version of Module
updateServerModulesItself
Sat Jun 11 08:28:11 ICT 2016 - {"error":0,"message":"Cập nhật thành công "}
1
2
3
4
5
6
7
8
9
10
11
12
13
14
15
16
17
18
19
20
Do something!
updateServerModules
get latest all Modules
2;install;UpdateServerStatus;1.1.5;Fri May 27 2016 11:46:03 GMT+0700 (ICT);http://cp.cam9.tv/module_upload/2/1.1.5.sh;"dùng để check server on hay off";
MODULE_ID: 2 - COMMAND: install
1;install;UpdateServerModule;1.1.3;Wed Jun 08 2016 05:21:31 GMT+0700 (ICT);http://cp.cam9.tv/module_upload/1/1.1.3.sh;"dùng để chạy update các phiên bản mới";
MODULE_ID: 1 - COMMAND: install
6;install;Namtv;1.1.1;Wed Jun 08 2016 07:04:06 GMT+0700 (ICT);module_upload/6/1.1.1.sh;"Phần mềm nén";
MODULE_ID: 6 - COMMAND: install
Send version of Module
updateServerModulesItself
Sat Jun 11 08:28:32 ICT 2016 - {"error":0,"message":"Cập nhật thành công "}
1
2
3
4
5
6
7
8
9
10
11
12
13
14
15
16
17
18
19
20
Do something!
updateServerModules
get latest all Modules
2;install;UpdateServerStatus;1.1.5;Fri May 27 2016 11:46:03 GMT+0700 (ICT);http://cp.cam9.tv/module_upload/2/1.1.5.sh;"dùng để check server on hay off";
MODULE_ID: 2 - COMMAND: install
1;install;UpdateServerModule;1.1.3;Wed Jun 08 2016 05:21:31 GMT+0700 (ICT);http://cp.cam9.tv/module_upload/1/1.1.3.sh;"dùng để chạy update các phiên bản mới";
MODULE_ID: 1 - COMMAND: install
6;install;Namtv;1.1.1;Wed Jun 08 2016 07:04:06 GMT+0700 (ICT);module_upload/6/1.1.1.sh;"Phần mềm nén";
MODULE_ID: 6 - COMMAND: install
Send version of Module
updateServerModulesItself
Sat Jun 11 08:28:52 ICT 2016 - {"error":0,"message":"Cập nhật thành công "}
1
2
3
4
5
6
7
8
9
10
11
12
13
14
15
16
17
18
19
20
Do something!
updateServerModules
get latest all Modules
2;install;UpdateServerStatus;1.1.5;Fri May 27 2016 11:46:03 GMT+0700 (ICT);http://cp.cam9.tv/module_upload/2/1.1.5.sh;"dùng để check server on hay off";
MODULE_ID: 2 - COMMAND: install
1;install;UpdateServerModule;1.1.3;Wed Jun 08 2016 05:21:31 GMT+0700 (ICT);http://cp.cam9.tv/module_upload/1/1.1.3.sh;"dùng để chạy update các phiên bản mới";
MODULE_ID: 1 - COMMAND: install
6;install;Namtv;1.1.1;Wed Jun 08 2016 07:04:06 GMT+0700 (ICT);module_upload/6/1.1.1.sh;"Phần mềm nén";
MODULE_ID: 6 - COMMAND: install
Send version of Module
updateServerModulesItself
Sat Jun 11 08:29:14 ICT 2016 - {"error":0,"message":"Cập nhật thành công "}
1
2
3
4
5
6
7
8
9
10
11
12
13
14
15
16
17
18
19
20
Do something!
updateServerModules
get latest all Modules
2;install;UpdateServerStatus;1.1.5;Fri May 27 2016 11:46:03 GMT+0700 (ICT);http://cp.cam9.tv/module_upload/2/1.1.5.sh;"dùng để check server on hay off";
MODULE_ID: 2 - COMMAND: install
1;install;UpdateServerModule;1.1.3;Wed Jun 08 2016 05:21:31 GMT+0700 (ICT);http://cp.cam9.tv/module_upload/1/1.1.3.sh;"dùng để chạy update các phiên bản mới";
MODULE_ID: 1 - COMMAND: install
6;install;Namtv;1.1.1;Wed Jun 08 2016 07:04:06 GMT+0700 (ICT);module_upload/6/1.1.1.sh;"Phần mềm nén";
MODULE_ID: 6 - COMMAND: install
Send version of Module
updateServerModulesItself
Sat Jun 11 08:29:34 ICT 2016 - {"error":0,"message":"Cập nhật thành công "}
1
2
3
4
5
6
7
8
9
10
11
12
13
14
15
16
17
18
19
20
Do something!
updateServerModules
get latest all Modules
2;install;UpdateServerStatus;1.1.5;Fri May 27 2016 11:46:03 GMT+0700 (ICT);http://cp.cam9.tv/module_upload/2/1.1.5.sh;"dùng để check server on hay off";
MODULE_ID: 2 - COMMAND: install
1;install;UpdateServerModule;1.1.3;Wed Jun 08 2016 05:21:31 GMT+0700 (ICT);http://cp.cam9.tv/module_upload/1/1.1.3.sh;"dùng để chạy update các phiên bản mới";
MODULE_ID: 1 - COMMAND: install
6;install;Namtv;1.1.1;Wed Jun 08 2016 07:04:06 GMT+0700 (ICT);module_upload/6/1.1.1.sh;"Phần mềm nén";
MODULE_ID: 6 - COMMAND: install
Send version of Module
updateServerModulesItself
Sat Jun 11 08:29:55 ICT 2016 - {"error":0,"message":"Cập nhật thành công "}
1
2
3
4
5
6
7
8
9
10
11
12
13
14
15
16
17
18
19
20
Do something!
updateServerModules
get latest all Modules
2;install;UpdateServerStatus;1.1.5;Fri May 27 2016 11:46:03 GMT+0700 (ICT);http://cp.cam9.tv/module_upload/2/1.1.5.sh;"dùng để check server on hay off";
MODULE_ID: 2 - COMMAND: install
1;install;UpdateServerModule;1.1.3;Wed Jun 08 2016 05:21:31 GMT+0700 (ICT);http://cp.cam9.tv/module_upload/1/1.1.3.sh;"dùng để chạy update các phiên bản mới";
MODULE_ID: 1 - COMMAND: install
6;install;Namtv;1.1.1;Wed Jun 08 2016 07:04:06 GMT+0700 (ICT);module_upload/6/1.1.1.sh;"Phần mềm nén";
MODULE_ID: 6 - COMMAND: install
Send version of Module
updateServerModulesItself
Sat Jun 11 08:30:15 ICT 2016 - {"error":0,"message":"Cập nhật thành công "}
1
2
3
4
5
6
7
8
9
10
11
12
13
14
15
16
17
18
19
20
Do something!
updateServerModules
get latest all Modules
2;install;UpdateServerStatus;1.1.5;Fri May 27 2016 11:46:03 GMT+0700 (ICT);http://cp.cam9.tv/module_upload/2/1.1.5.sh;"dùng để check server on hay off";
MODULE_ID: 2 - COMMAND: install
1;install;UpdateServerModule;1.1.3;Wed Jun 08 2016 05:21:31 GMT+0700 (ICT);http://cp.cam9.tv/module_upload/1/1.1.3.sh;"dùng để chạy update các phiên bản mới";
MODULE_ID: 1 - COMMAND: install
6;install;Namtv;1.1.1;Wed Jun 08 2016 07:04:06 GMT+0700 (ICT);module_upload/6/1.1.1.sh;"Phần mềm nén";
MODULE_ID: 6 - COMMAND: install
Send version of Module
updateServerModulesItself
Sat Jun 11 08:30:36 ICT 2016 - {"error":0,"message":"Cập nhật thành công "}
1
2
3
4
5
6
7
8
9
10
11
12
13
14
15
16
17
18
19
20
Do something!
updateServerModules
get latest all Modules
2;install;UpdateServerStatus;1.1.5;Fri May 27 2016 11:46:03 GMT+0700 (ICT);http://cp.cam9.tv/module_upload/2/1.1.5.sh;"dùng để check server on hay off";
MODULE_ID: 2 - COMMAND: install
1;install;UpdateServerModule;1.1.3;Wed Jun 08 2016 05:21:31 GMT+0700 (ICT);http://cp.cam9.tv/module_upload/1/1.1.3.sh;"dùng để chạy update các phiên bản mới";
MODULE_ID: 1 - COMMAND: install
6;install;Namtv;1.1.1;Wed Jun 08 2016 07:04:06 GMT+0700 (ICT);module_upload/6/1.1.1.sh;"Phần mềm nén";
MODULE_ID: 6 - COMMAND: install
Send version of Module
updateServerModulesItself
Sat Jun 11 08:30:58 ICT 2016 - {"error":0,"message":"Cập nhật thành công "}
1
2
3
4
5
6
7
8
9
10
11
12
13
14
15
16
17
18
19
20
Do something!
updateServerModules
get latest all Modules
2;install;UpdateServerStatus;1.1.5;Fri May 27 2016 11:46:03 GMT+0700 (ICT);http://cp.cam9.tv/module_upload/2/1.1.5.sh;"dùng để check server on hay off";
MODULE_ID: 2 - COMMAND: install
1;install;UpdateServerModule;1.1.3;Wed Jun 08 2016 05:21:31 GMT+0700 (ICT);http://cp.cam9.tv/module_upload/1/1.1.3.sh;"dùng để chạy update các phiên bản mới";
MODULE_ID: 1 - COMMAND: install
6;install;Namtv;1.1.1;Wed Jun 08 2016 07:04:06 GMT+0700 (ICT);module_upload/6/1.1.1.sh;"Phần mềm nén";
MODULE_ID: 6 - COMMAND: install
Send version of Module
updateServerModulesItself
Sat Jun 11 08:31:19 ICT 2016 - {"error":0,"message":"Cập nhật thành công "}
1
2
3
4
5
6
7
8
9
10
11
12
13
14
15
16
17
18
19
20
Do something!
updateServerModules
get latest all Modules
2;install;UpdateServerStatus;1.1.5;Fri May 27 2016 11:46:03 GMT+0700 (ICT);http://cp.cam9.tv/module_upload/2/1.1.5.sh;"dùng để check server on hay off";
MODULE_ID: 2 - COMMAND: install
1;install;UpdateServerModule;1.1.3;Wed Jun 08 2016 05:21:31 GMT+0700 (ICT);http://cp.cam9.tv/module_upload/1/1.1.3.sh;"dùng để chạy update các phiên bản mới";
MODULE_ID: 1 - COMMAND: install
6;install;Namtv;1.1.1;Wed Jun 08 2016 07:04:06 GMT+0700 (ICT);module_upload/6/1.1.1.sh;"Phần mềm nén";
MODULE_ID: 6 - COMMAND: install
Send version of Module
updateServerModulesItself
Sat Jun 11 08:31:40 ICT 2016 - {"error":0,"message":"Cập nhật thành công "}
1
2
3
4
5
6
7
8
9
10
11
12
13
14
15
16
17
18
19
20
Do something!
updateServerModules
get latest all Modules
2;install;UpdateServerStatus;1.1.5;Fri May 27 2016 11:46:03 GMT+0700 (ICT);http://cp.cam9.tv/module_upload/2/1.1.5.sh;"dùng để check server on hay off";
MODULE_ID: 2 - COMMAND: install
1;install;UpdateServerModule;1.1.3;Wed Jun 08 2016 05:21:31 GMT+0700 (ICT);http://cp.cam9.tv/module_upload/1/1.1.3.sh;"dùng để chạy update các phiên bản mới";
MODULE_ID: 1 - COMMAND: install
6;install;Namtv;1.1.1;Wed Jun 08 2016 07:04:06 GMT+0700 (ICT);module_upload/6/1.1.1.sh;"Phần mềm nén";
MODULE_ID: 6 - COMMAND: install
Send version of Module
updateServerModulesItself
Sat Jun 11 08:32:01 ICT 2016 - {"error":0,"message":"Cập nhật thành công "}
1
2
3
4
5
6
7
8
9
10
11
12
13
14
15
16
17
18
19
20
Do something!
updateServerModules
get latest all Modules
2;install;UpdateServerStatus;1.1.5;Fri May 27 2016 11:46:03 GMT+0700 (ICT);http://cp.cam9.tv/module_upload/2/1.1.5.sh;"dùng để check server on hay off";
MODULE_ID: 2 - COMMAND: install
1;install;UpdateServerModule;1.1.3;Wed Jun 08 2016 05:21:31 GMT+0700 (ICT);http://cp.cam9.tv/module_upload/1/1.1.3.sh;"dùng để chạy update các phiên bản mới";
MODULE_ID: 1 - COMMAND: install
6;install;Namtv;1.1.1;Wed Jun 08 2016 07:04:06 GMT+0700 (ICT);module_upload/6/1.1.1.sh;"Phần mềm nén";
MODULE_ID: 6 - COMMAND: install
Send version of Module
updateServerModulesItself
Sat Jun 11 08:32:22 ICT 2016 - {"error":0,"message":"Cập nhật thành công "}
1
2
3
4
5
6
7
8
9
10
11
12
13
14
15
16
17
18
19
20
Do something!
updateServerModules
get latest all Modules
2;install;UpdateServerStatus;1.1.5;Fri May 27 2016 11:46:03 GMT+0700 (ICT);http://cp.cam9.tv/module_upload/2/1.1.5.sh;"dùng để check server on hay off";
MODULE_ID: 2 - COMMAND: install
1;install;UpdateServerModule;1.1.3;Wed Jun 08 2016 05:21:31 GMT+0700 (ICT);http://cp.cam9.tv/module_upload/1/1.1.3.sh;"dùng để chạy update các phiên bản mới";
MODULE_ID: 1 - COMMAND: install
6;install;Namtv;1.1.1;Wed Jun 08 2016 07:04:06 GMT+0700 (ICT);module_upload/6/1.1.1.sh;"Phần mềm nén";
MODULE_ID: 6 - COMMAND: install
Send version of Module
updateServerModulesItself
Sat Jun 11 08:32:43 ICT 2016 - {"error":0,"message":"Cập nhật thành công "}
1
2
3
4
5
6
7
8
9
10
11
12
13
14
15
16
17
18
19
20
Do something!
updateServerModules
get latest all Modules
2;install;UpdateServerStatus;1.1.5;Fri May 27 2016 11:46:03 GMT+0700 (ICT);http://cp.cam9.tv/module_upload/2/1.1.5.sh;"dùng để check server on hay off";
MODULE_ID: 2 - COMMAND: install
1;install;UpdateServerModule;1.1.3;Wed Jun 08 2016 05:21:31 GMT+0700 (ICT);http://cp.cam9.tv/module_upload/1/1.1.3.sh;"dùng để chạy update các phiên bản mới";
MODULE_ID: 1 - COMMAND: install
6;install;Namtv;1.1.1;Wed Jun 08 2016 07:04:06 GMT+0700 (ICT);module_upload/6/1.1.1.sh;"Phần mềm nén";
MODULE_ID: 6 - COMMAND: install
Send version of Module
updateServerModulesItself
Sat Jun 11 08:33:03 ICT 2016 - {"error":0,"message":"Cập nhật thành công "}
1
2
3
4
5
6
7
8
9
10
11
12
13
14
15
16
17
18
19
20
Do something!
updateServerModules
get latest all Modules
2;install;UpdateServerStatus;1.1.5;Fri May 27 2016 11:46:03 GMT+0700 (ICT);http://cp.cam9.tv/module_upload/2/1.1.5.sh;"dùng để check server on hay off";
MODULE_ID: 2 - COMMAND: install
1;install;UpdateServerModule;1.1.3;Wed Jun 08 2016 05:21:31 GMT+0700 (ICT);http://cp.cam9.tv/module_upload/1/1.1.3.sh;"dùng để chạy update các phiên bản mới";
MODULE_ID: 1 - COMMAND: install
6;install;Namtv;1.1.1;Wed Jun 08 2016 07:04:06 GMT+0700 (ICT);module_upload/6/1.1.1.sh;"Phần mềm nén";
MODULE_ID: 6 - COMMAND: install
Send version of Module
updateServerModulesItself
Sat Jun 11 08:33:26 ICT 2016 - {"error":0,"message":"Cập nhật thành công "}
1
2
3
4
5
6
7
8
9
10
11
12
13
14
15
16
17
18
19
20
Do something!
updateServerModules
get latest all Modules
2;install;UpdateServerStatus;1.1.5;Fri May 27 2016 11:46:03 GMT+0700 (ICT);http://cp.cam9.tv/module_upload/2/1.1.5.sh;"dùng để check server on hay off";
MODULE_ID: 2 - COMMAND: install
1;install;UpdateServerModule;1.1.3;Wed Jun 08 2016 05:21:31 GMT+0700 (ICT);http://cp.cam9.tv/module_upload/1/1.1.3.sh;"dùng để chạy update các phiên bản mới";
MODULE_ID: 1 - COMMAND: install
6;install;Namtv;1.1.1;Wed Jun 08 2016 07:04:06 GMT+0700 (ICT);module_upload/6/1.1.1.sh;"Phần mềm nén";
MODULE_ID: 6 - COMMAND: install
Send version of Module
updateServerModulesItself
Sat Jun 11 08:33:50 ICT 2016 - {"error":0,"message":"Cập nhật thành công "}
1
2
3
4
5
6
7
8
9
10
11
12
13
14
15
16
17
18
19
20
Do something!
updateServerModules
get latest all Modules
2;install;UpdateServerStatus;1.1.5;Fri May 27 2016 11:46:03 GMT+0700 (ICT);http://cp.cam9.tv/module_upload/2/1.1.5.sh;"dùng để check server on hay off";
MODULE_ID: 2 - COMMAND: install
1;install;UpdateServerModule;1.1.3;Wed Jun 08 2016 05:21:31 GMT+0700 (ICT);http://cp.cam9.tv/module_upload/1/1.1.3.sh;"dùng để chạy update các phiên bản mới";
MODULE_ID: 1 - COMMAND: install
6;install;Namtv;1.1.1;Wed Jun 08 2016 07:04:06 GMT+0700 (ICT);module_upload/6/1.1.1.sh;"Phần mềm nén";
MODULE_ID: 6 - COMMAND: install
Send version of Module
updateServerModulesItself
Sat Jun 11 08:34:11 ICT 2016 - {"error":0,"message":"Cập nhật thành công "}
1
2
3
4
5
6
7
8
9
10
11
12
13
14
15
16
17
18
19
20
Do something!
updateServerModules
get latest all Modules
2;install;UpdateServerStatus;1.1.5;Fri May 27 2016 11:46:03 GMT+0700 (ICT);http://cp.cam9.tv/module_upload/2/1.1.5.sh;"dùng để check server on hay off";
MODULE_ID: 2 - COMMAND: install
1;install;UpdateServerModule;1.1.3;Wed Jun 08 2016 05:21:31 GMT+0700 (ICT);http://cp.cam9.tv/module_upload/1/1.1.3.sh;"dùng để chạy update các phiên bản mới";
MODULE_ID: 1 - COMMAND: install
6;install;Namtv;1.1.1;Wed Jun 08 2016 07:04:06 GMT+0700 (ICT);module_upload/6/1.1.1.sh;"Phần mềm nén";
MODULE_ID: 6 - COMMAND: install
Send version of Module
updateServerModulesItself
Sat Jun 11 08:34:32 ICT 2016 - {"error":0,"message":"Cập nhật thành công "}
1
2
3
4
5
6
7
8
9
10
11
12
13
14
15
16
17
18
19
20
Do something!
updateServerModules
get latest all Modules
2;install;UpdateServerStatus;1.1.5;Fri May 27 2016 11:46:03 GMT+0700 (ICT);http://cp.cam9.tv/module_upload/2/1.1.5.sh;"dùng để check server on hay off";
MODULE_ID: 2 - COMMAND: install
1;install;UpdateServerModule;1.1.3;Wed Jun 08 2016 05:21:31 GMT+0700 (ICT);http://cp.cam9.tv/module_upload/1/1.1.3.sh;"dùng để chạy update các phiên bản mới";
MODULE_ID: 1 - COMMAND: install
6;install;Namtv;1.1.1;Wed Jun 08 2016 07:04:06 GMT+0700 (ICT);module_upload/6/1.1.1.sh;"Phần mềm nén";
MODULE_ID: 6 - COMMAND: install
Send version of Module
updateServerModulesItself
Sat Jun 11 08:34:53 ICT 2016 - {"error":0,"message":"Cập nhật thành công "}
1
2
3
4
5
6
7
8
9
10
11
12
13
14
15
16
17
18
19
20
Do something!
updateServerModules
get latest all Modules
2;install;UpdateServerStatus;1.1.5;Fri May 27 2016 11:46:03 GMT+0700 (ICT);http://cp.cam9.tv/module_upload/2/1.1.5.sh;"dùng để check server on hay off";
MODULE_ID: 2 - COMMAND: install
1;install;UpdateServerModule;1.1.3;Wed Jun 08 2016 05:21:31 GMT+0700 (ICT);http://cp.cam9.tv/module_upload/1/1.1.3.sh;"dùng để chạy update các phiên bản mới";
MODULE_ID: 1 - COMMAND: install
6;install;Namtv;1.1.1;Wed Jun 08 2016 07:04:06 GMT+0700 (ICT);module_upload/6/1.1.1.sh;"Phần mềm nén";
MODULE_ID: 6 - COMMAND: install
Send version of Module
updateServerModulesItself
Sat Jun 11 08:35:14 ICT 2016 - {"error":0,"message":"Cập nhật thành công "}
1
2
3
4
5
6
7
8
9
10
11
12
13
14
15
16
17
18
19
20
Do something!
updateServerModules
get latest all Modules
2;install;UpdateServerStatus;1.1.5;Fri May 27 2016 11:46:03 GMT+0700 (ICT);http://cp.cam9.tv/module_upload/2/1.1.5.sh;"dùng để check server on hay off";
MODULE_ID: 2 - COMMAND: install
1;install;UpdateServerModule;1.1.3;Wed Jun 08 2016 05:21:31 GMT+0700 (ICT);http://cp.cam9.tv/module_upload/1/1.1.3.sh;"dùng để chạy update các phiên bản mới";
MODULE_ID: 1 - COMMAND: install
6;install;Namtv;1.1.1;Wed Jun 08 2016 07:04:06 GMT+0700 (ICT);module_upload/6/1.1.1.sh;"Phần mềm nén";
MODULE_ID: 6 - COMMAND: install
Send version of Module
updateServerModulesItself
Sat Jun 11 08:35:35 ICT 2016 - {"error":0,"message":"Cập nhật thành công "}
1
2
3
4
5
6
7
8
9
10
11
12
13
14
15
16
17
18
19
20
Do something!
updateServerModules
get latest all Modules
2;install;UpdateServerStatus;1.1.5;Fri May 27 2016 11:46:03 GMT+0700 (ICT);http://cp.cam9.tv/module_upload/2/1.1.5.sh;"dùng để check server on hay off";
MODULE_ID: 2 - COMMAND: install
1;install;UpdateServerModule;1.1.3;Wed Jun 08 2016 05:21:31 GMT+0700 (ICT);http://cp.cam9.tv/module_upload/1/1.1.3.sh;"dùng để chạy update các phiên bản mới";
MODULE_ID: 1 - COMMAND: install
6;install;Namtv;1.1.1;Wed Jun 08 2016 07:04:06 GMT+0700 (ICT);module_upload/6/1.1.1.sh;"Phần mềm nén";
MODULE_ID: 6 - COMMAND: install
Send version of Module
updateServerModulesItself
Sat Jun 11 08:35:56 ICT 2016 - {"error":0,"message":"Cập nhật thành công "}
1
2
3
4
5
6
7
8
9
10
11
12
13
14
15
16
17
18
19
20
Do something!
updateServerModules
get latest all Modules
2;install;UpdateServerStatus;1.1.5;Fri May 27 2016 11:46:03 GMT+0700 (ICT);http://cp.cam9.tv/module_upload/2/1.1.5.sh;"dùng để check server on hay off";
MODULE_ID: 2 - COMMAND: install
1;install;UpdateServerModule;1.1.3;Wed Jun 08 2016 05:21:31 GMT+0700 (ICT);http://cp.cam9.tv/module_upload/1/1.1.3.sh;"dùng để chạy update các phiên bản mới";
MODULE_ID: 1 - COMMAND: install
6;install;Namtv;1.1.1;Wed Jun 08 2016 07:04:06 GMT+0700 (ICT);module_upload/6/1.1.1.sh;"Phần mềm nén";
MODULE_ID: 6 - COMMAND: install
Send version of Module
updateServerModulesItself
Sat Jun 11 08:36:16 ICT 2016 - {"error":0,"message":"Cập nhật thành công "}
1
2
3
4
5
6
7
8
9
10
11
12
13
14
15
16
17
18
19
20
Do something!
updateServerModules
get latest all Modules
2;install;UpdateServerStatus;1.1.5;Fri May 27 2016 11:46:03 GMT+0700 (ICT);http://cp.cam9.tv/module_upload/2/1.1.5.sh;"dùng để check server on hay off";
MODULE_ID: 2 - COMMAND: install
1;install;UpdateServerModule;1.1.3;Wed Jun 08 2016 05:21:31 GMT+0700 (ICT);http://cp.cam9.tv/module_upload/1/1.1.3.sh;"dùng để chạy update các phiên bản mới";
MODULE_ID: 1 - COMMAND: install
6;install;Namtv;1.1.1;Wed Jun 08 2016 07:04:06 GMT+0700 (ICT);module_upload/6/1.1.1.sh;"Phần mềm nén";
MODULE_ID: 6 - COMMAND: install
Send version of Module
updateServerModulesItself
Sat Jun 11 08:36:37 ICT 2016 - {"error":0,"message":"Cập nhật thành công "}
1
2
3
4
5
6
7
8
9
10
11
12
13
14
15
16
17
18
19
20
Do something!
updateServerModules
get latest all Modules
2;install;UpdateServerStatus;1.1.5;Fri May 27 2016 11:46:03 GMT+0700 (ICT);http://cp.cam9.tv/module_upload/2/1.1.5.sh;"dùng để check server on hay off";
MODULE_ID: 2 - COMMAND: install
1;install;UpdateServerModule;1.1.3;Wed Jun 08 2016 05:21:31 GMT+0700 (ICT);http://cp.cam9.tv/module_upload/1/1.1.3.sh;"dùng để chạy update các phiên bản mới";
MODULE_ID: 1 - COMMAND: install
6;install;Namtv;1.1.1;Wed Jun 08 2016 07:04:06 GMT+0700 (ICT);module_upload/6/1.1.1.sh;"Phần mềm nén";
MODULE_ID: 6 - COMMAND: install
Send version of Module
updateServerModulesItself
Sat Jun 11 08:36:58 ICT 2016 - {"error":0,"message":"Cập nhật thành công "}
1
2
3
4
5
6
7
8
9
10
11
12
13
14
15
16
17
18
19
20
Do something!
updateServerModules
get latest all Modules
2;install;UpdateServerStatus;1.1.5;Fri May 27 2016 11:46:03 GMT+0700 (ICT);http://cp.cam9.tv/module_upload/2/1.1.5.sh;"dùng để check server on hay off";
MODULE_ID: 2 - COMMAND: install
1;install;UpdateServerModule;1.1.3;Wed Jun 08 2016 05:21:31 GMT+0700 (ICT);http://cp.cam9.tv/module_upload/1/1.1.3.sh;"dùng để chạy update các phiên bản mới";
MODULE_ID: 1 - COMMAND: install
6;install;Namtv;1.1.1;Wed Jun 08 2016 07:04:06 GMT+0700 (ICT);module_upload/6/1.1.1.sh;"Phần mềm nén";
MODULE_ID: 6 - COMMAND: install
Send version of Module
updateServerModulesItself
Sat Jun 11 08:37:19 ICT 2016 - {"error":0,"message":"Cập nhật thành công "}
1
2
3
4
5
6
7
8
9
10
11
12
13
14
15
16
17
18
19
20
Do something!
updateServerModules
get latest all Modules
2;install;UpdateServerStatus;1.1.5;Fri May 27 2016 11:46:03 GMT+0700 (ICT);http://cp.cam9.tv/module_upload/2/1.1.5.sh;"dùng để check server on hay off";
MODULE_ID: 2 - COMMAND: install
1;install;UpdateServerModule;1.1.3;Wed Jun 08 2016 05:21:31 GMT+0700 (ICT);http://cp.cam9.tv/module_upload/1/1.1.3.sh;"dùng để chạy update các phiên bản mới";
MODULE_ID: 1 - COMMAND: install
6;install;Namtv;1.1.1;Wed Jun 08 2016 07:04:06 GMT+0700 (ICT);module_upload/6/1.1.1.sh;"Phần mềm nén";
MODULE_ID: 6 - COMMAND: install
Send version of Module
updateServerModulesItself
Sat Jun 11 08:37:41 ICT 2016 - {"error":0,"message":"Cập nhật thành công "}
1
2
3
4
5
6
7
8
9
10
11
12
13
14
15
16
17
18
19
20
Do something!
updateServerModules
get latest all Modules
2;install;UpdateServerStatus;1.1.5;Fri May 27 2016 11:46:03 GMT+0700 (ICT);http://cp.cam9.tv/module_upload/2/1.1.5.sh;"dùng để check server on hay off";
MODULE_ID: 2 - COMMAND: install
1;install;UpdateServerModule;1.1.3;Wed Jun 08 2016 05:21:31 GMT+0700 (ICT);http://cp.cam9.tv/module_upload/1/1.1.3.sh;"dùng để chạy update các phiên bản mới";
MODULE_ID: 1 - COMMAND: install
6;install;Namtv;1.1.1;Wed Jun 08 2016 07:04:06 GMT+0700 (ICT);module_upload/6/1.1.1.sh;"Phần mềm nén";
MODULE_ID: 6 - COMMAND: install
Send version of Module
updateServerModulesItself
Sat Jun 11 08:38:03 ICT 2016 - {"error":0,"message":"Cập nhật thành công "}
1
2
3
4
5
6
7
8
9
10
11
12
13
14
15
16
17
18
19
20
Do something!
updateServerModules
get latest all Modules
2;install;UpdateServerStatus;1.1.5;Fri May 27 2016 11:46:03 GMT+0700 (ICT);http://cp.cam9.tv/module_upload/2/1.1.5.sh;"dùng để check server on hay off";
MODULE_ID: 2 - COMMAND: install
1;install;UpdateServerModule;1.1.3;Wed Jun 08 2016 05:21:31 GMT+0700 (ICT);http://cp.cam9.tv/module_upload/1/1.1.3.sh;"dùng để chạy update các phiên bản mới";
MODULE_ID: 1 - COMMAND: install
6;install;Namtv;1.1.1;Wed Jun 08 2016 07:04:06 GMT+0700 (ICT);module_upload/6/1.1.1.sh;"Phần mềm nén";
MODULE_ID: 6 - COMMAND: install
Send version of Module
updateServerModulesItself
Sat Jun 11 08:38:24 ICT 2016 - {"error":0,"message":"Cập nhật thành công "}
1
2
3
4
5
6
7
8
9
10
11
12
13
14
15
16
17
18
19
20
Do something!
updateServerModules
get latest all Modules
2;install;UpdateServerStatus;1.1.5;Fri May 27 2016 11:46:03 GMT+0700 (ICT);http://cp.cam9.tv/module_upload/2/1.1.5.sh;"dùng để check server on hay off";
MODULE_ID: 2 - COMMAND: install
1;install;UpdateServerModule;1.1.3;Wed Jun 08 2016 05:21:31 GMT+0700 (ICT);http://cp.cam9.tv/module_upload/1/1.1.3.sh;"dùng để chạy update các phiên bản mới";
MODULE_ID: 1 - COMMAND: install
6;install;Namtv;1.1.1;Wed Jun 08 2016 07:04:06 GMT+0700 (ICT);module_upload/6/1.1.1.sh;"Phần mềm nén";
MODULE_ID: 6 - COMMAND: install
Send version of Module
updateServerModulesItself
Sat Jun 11 08:38:47 ICT 2016 - {"error":0,"message":"Cập nhật thành công "}
1
2
3
4
5
6
7
8
9
10
11
12
13
14
15
16
17
18
19
20
Do something!
updateServerModules
get latest all Modules
2;install;UpdateServerStatus;1.1.5;Fri May 27 2016 11:46:03 GMT+0700 (ICT);http://cp.cam9.tv/module_upload/2/1.1.5.sh;"dùng để check server on hay off";
MODULE_ID: 2 - COMMAND: install
1;install;UpdateServerModule;1.1.3;Wed Jun 08 2016 05:21:31 GMT+0700 (ICT);http://cp.cam9.tv/module_upload/1/1.1.3.sh;"dùng để chạy update các phiên bản mới";
MODULE_ID: 1 - COMMAND: install
6;install;Namtv;1.1.1;Wed Jun 08 2016 07:04:06 GMT+0700 (ICT);module_upload/6/1.1.1.sh;"Phần mềm nén";
MODULE_ID: 6 - COMMAND: install
Send version of Module
updateServerModulesItself
Sat Jun 11 08:39:09 ICT 2016 - {"error":0,"message":"Cập nhật thành công "}
1
2
3
4
5
6
7
8
9
10
11
12
13
14
15
16
17
18
19
20
Do something!
updateServerModules
get latest all Modules
2;install;UpdateServerStatus;1.1.5;Fri May 27 2016 11:46:03 GMT+0700 (ICT);http://cp.cam9.tv/module_upload/2/1.1.5.sh;"dùng để check server on hay off";
MODULE_ID: 2 - COMMAND: install
1;install;UpdateServerModule;1.1.3;Wed Jun 08 2016 05:21:31 GMT+0700 (ICT);http://cp.cam9.tv/module_upload/1/1.1.3.sh;"dùng để chạy update các phiên bản mới";
MODULE_ID: 1 - COMMAND: install
6;install;Namtv;1.1.1;Wed Jun 08 2016 07:04:06 GMT+0700 (ICT);module_upload/6/1.1.1.sh;"Phần mềm nén";
MODULE_ID: 6 - COMMAND: install
Send version of Module
updateServerModulesItself
Sat Jun 11 08:39:29 ICT 2016 - {"error":0,"message":"Cập nhật thành công "}
1
2
3
4
5
6
7
8
9
10
11
12
13
14
15
16
17
18
19
20
Do something!
updateServerModules
get latest all Modules
2;install;UpdateServerStatus;1.1.5;Fri May 27 2016 11:46:03 GMT+0700 (ICT);http://cp.cam9.tv/module_upload/2/1.1.5.sh;"dùng để check server on hay off";
MODULE_ID: 2 - COMMAND: install
1;install;UpdateServerModule;1.1.3;Wed Jun 08 2016 05:21:31 GMT+0700 (ICT);http://cp.cam9.tv/module_upload/1/1.1.3.sh;"dùng để chạy update các phiên bản mới";
MODULE_ID: 1 - COMMAND: install
6;install;Namtv;1.1.1;Wed Jun 08 2016 07:04:06 GMT+0700 (ICT);module_upload/6/1.1.1.sh;"Phần mềm nén";
MODULE_ID: 6 - COMMAND: install
Send version of Module
updateServerModulesItself
Sat Jun 11 08:39:50 ICT 2016 - {"error":0,"message":"Cập nhật thành công "}
1
2
3
4
5
6
7
8
9
10
11
12
13
14
15
16
17
18
19
20
Do something!
updateServerModules
get latest all Modules
2;install;UpdateServerStatus;1.1.5;Fri May 27 2016 11:46:03 GMT+0700 (ICT);http://cp.cam9.tv/module_upload/2/1.1.5.sh;"dùng để check server on hay off";
MODULE_ID: 2 - COMMAND: install
1;install;UpdateServerModule;1.1.3;Wed Jun 08 2016 05:21:31 GMT+0700 (ICT);http://cp.cam9.tv/module_upload/1/1.1.3.sh;"dùng để chạy update các phiên bản mới";
MODULE_ID: 1 - COMMAND: install
6;install;Namtv;1.1.1;Wed Jun 08 2016 07:04:06 GMT+0700 (ICT);module_upload/6/1.1.1.sh;"Phần mềm nén";
MODULE_ID: 6 - COMMAND: install
Send version of Module
updateServerModulesItself
Sat Jun 11 08:40:10 ICT 2016 - {"error":0,"message":"Cập nhật thành công "}
1
2
3
4
5
6
7
8
9
10
11
12
13
14
15
16
17
18
19
20
Do something!
updateServerModules
get latest all Modules
2;install;UpdateServerStatus;1.1.5;Fri May 27 2016 11:46:03 GMT+0700 (ICT);http://cp.cam9.tv/module_upload/2/1.1.5.sh;"dùng để check server on hay off";
MODULE_ID: 2 - COMMAND: install
1;install;UpdateServerModule;1.1.3;Wed Jun 08 2016 05:21:31 GMT+0700 (ICT);http://cp.cam9.tv/module_upload/1/1.1.3.sh;"dùng để chạy update các phiên bản mới";
MODULE_ID: 1 - COMMAND: install
6;install;Namtv;1.1.1;Wed Jun 08 2016 07:04:06 GMT+0700 (ICT);module_upload/6/1.1.1.sh;"Phần mềm nén";
MODULE_ID: 6 - COMMAND: install
Send version of Module
updateServerModulesItself
Sat Jun 11 08:40:32 ICT 2016 - {"error":0,"message":"Cập nhật thành công "}
1
2
3
4
5
6
7
8
9
10
11
12
13
14
15
16
17
18
19
20
Do something!
updateServerModules
get latest all Modules
2;install;UpdateServerStatus;1.1.5;Fri May 27 2016 11:46:03 GMT+0700 (ICT);http://cp.cam9.tv/module_upload/2/1.1.5.sh;"dùng để check server on hay off";
MODULE_ID: 2 - COMMAND: install
1;install;UpdateServerModule;1.1.3;Wed Jun 08 2016 05:21:31 GMT+0700 (ICT);http://cp.cam9.tv/module_upload/1/1.1.3.sh;"dùng để chạy update các phiên bản mới";
MODULE_ID: 1 - COMMAND: install
6;install;Namtv;1.1.1;Wed Jun 08 2016 07:04:06 GMT+0700 (ICT);module_upload/6/1.1.1.sh;"Phần mềm nén";
MODULE_ID: 6 - COMMAND: install
Send version of Module
updateServerModulesItself
Sat Jun 11 08:40:52 ICT 2016 - {"error":0,"message":"Cập nhật thành công "}
1
2
3
4
5
6
7
8
9
10
11
12
13
14
15
16
17
18
19
20
Do something!
updateServerModules
get latest all Modules
2;install;UpdateServerStatus;1.1.5;Fri May 27 2016 11:46:03 GMT+0700 (ICT);http://cp.cam9.tv/module_upload/2/1.1.5.sh;"dùng để check server on hay off";
MODULE_ID: 2 - COMMAND: install
1;install;UpdateServerModule;1.1.3;Wed Jun 08 2016 05:21:31 GMT+0700 (ICT);http://cp.cam9.tv/module_upload/1/1.1.3.sh;"dùng để chạy update các phiên bản mới";
MODULE_ID: 1 - COMMAND: install
6;install;Namtv;1.1.1;Wed Jun 08 2016 07:04:06 GMT+0700 (ICT);module_upload/6/1.1.1.sh;"Phần mềm nén";
MODULE_ID: 6 - COMMAND: install
Send version of Module
updateServerModulesItself
Sat Jun 11 08:41:13 ICT 2016 - {"error":0,"message":"Cập nhật thành công "}
1
2
3
4
5
6
7
8
9
10
11
12
13
14
15
16
17
18
19
20
Do something!
updateServerModules
get latest all Modules
2;install;UpdateServerStatus;1.1.5;Fri May 27 2016 11:46:03 GMT+0700 (ICT);http://cp.cam9.tv/module_upload/2/1.1.5.sh;"dùng để check server on hay off";
MODULE_ID: 2 - COMMAND: install
1;install;UpdateServerModule;1.1.3;Wed Jun 08 2016 05:21:31 GMT+0700 (ICT);http://cp.cam9.tv/module_upload/1/1.1.3.sh;"dùng để chạy update các phiên bản mới";
MODULE_ID: 1 - COMMAND: install
6;install;Namtv;1.1.1;Wed Jun 08 2016 07:04:06 GMT+0700 (ICT);module_upload/6/1.1.1.sh;"Phần mềm nén";
MODULE_ID: 6 - COMMAND: install
Send version of Module
updateServerModulesItself
Sat Jun 11 08:41:35 ICT 2016 - {"error":0,"message":"Cập nhật thành công "}
1
2
3
4
5
6
7
8
9
10
11
12
13
14
15
16
17
18
19
20
Do something!
updateServerModules
get latest all Modules
2;install;UpdateServerStatus;1.1.5;Fri May 27 2016 11:46:03 GMT+0700 (ICT);http://cp.cam9.tv/module_upload/2/1.1.5.sh;"dùng để check server on hay off";
MODULE_ID: 2 - COMMAND: install
1;install;UpdateServerModule;1.1.3;Wed Jun 08 2016 05:21:31 GMT+0700 (ICT);http://cp.cam9.tv/module_upload/1/1.1.3.sh;"dùng để chạy update các phiên bản mới";
MODULE_ID: 1 - COMMAND: install
6;install;Namtv;1.1.1;Wed Jun 08 2016 07:04:06 GMT+0700 (ICT);module_upload/6/1.1.1.sh;"Phần mềm nén";
MODULE_ID: 6 - COMMAND: install
Send version of Module
updateServerModulesItself
Sat Jun 11 08:41:55 ICT 2016 - {"error":0,"message":"Cập nhật thành công "}
1
2
3
4
5
6
7
8
9
10
11
12
13
14
15
16
17
18
19
20
Do something!
updateServerModules
get latest all Modules
2;install;UpdateServerStatus;1.1.5;Fri May 27 2016 11:46:03 GMT+0700 (ICT);http://cp.cam9.tv/module_upload/2/1.1.5.sh;"dùng để check server on hay off";
MODULE_ID: 2 - COMMAND: install
1;install;UpdateServerModule;1.1.3;Wed Jun 08 2016 05:21:31 GMT+0700 (ICT);http://cp.cam9.tv/module_upload/1/1.1.3.sh;"dùng để chạy update các phiên bản mới";
MODULE_ID: 1 - COMMAND: install
6;install;Namtv;1.1.1;Wed Jun 08 2016 07:04:06 GMT+0700 (ICT);module_upload/6/1.1.1.sh;"Phần mềm nén";
MODULE_ID: 6 - COMMAND: install
Send version of Module
updateServerModulesItself
Sat Jun 11 08:42:16 ICT 2016 - {"error":0,"message":"Cập nhật thành công "}
1
2
3
4
5
6
7
8
9
10
11
12
13
14
15
16
17
18
19
20
Do something!
updateServerModules
get latest all Modules
2;install;UpdateServerStatus;1.1.5;Fri May 27 2016 11:46:03 GMT+0700 (ICT);http://cp.cam9.tv/module_upload/2/1.1.5.sh;"dùng để check server on hay off";
MODULE_ID: 2 - COMMAND: install
1;install;UpdateServerModule;1.1.3;Wed Jun 08 2016 05:21:31 GMT+0700 (ICT);http://cp.cam9.tv/module_upload/1/1.1.3.sh;"dùng để chạy update các phiên bản mới";
MODULE_ID: 1 - COMMAND: install
6;install;Namtv;1.1.1;Wed Jun 08 2016 07:04:06 GMT+0700 (ICT);module_upload/6/1.1.1.sh;"Phần mềm nén";
MODULE_ID: 6 - COMMAND: install
Send version of Module
updateServerModulesItself
Sat Jun 11 08:42:37 ICT 2016 - {"error":0,"message":"Cập nhật thành công "}
1
2
3
4
5
6
7
8
9
10
11
12
13
14
15
16
17
18
19
20
Do something!
updateServerModules
get latest all Modules
2;install;UpdateServerStatus;1.1.5;Fri May 27 2016 11:46:03 GMT+0700 (ICT);http://cp.cam9.tv/module_upload/2/1.1.5.sh;"dùng để check server on hay off";
MODULE_ID: 2 - COMMAND: install
1;install;UpdateServerModule;1.1.3;Wed Jun 08 2016 05:21:31 GMT+0700 (ICT);http://cp.cam9.tv/module_upload/1/1.1.3.sh;"dùng để chạy update các phiên bản mới";
MODULE_ID: 1 - COMMAND: install
6;install;Namtv;1.1.1;Wed Jun 08 2016 07:04:06 GMT+0700 (ICT);module_upload/6/1.1.1.sh;"Phần mềm nén";
MODULE_ID: 6 - COMMAND: install
Send version of Module
updateServerModulesItself
Sat Jun 11 08:42:57 ICT 2016 - {"error":0,"message":"Cập nhật thành công "}
1
2
3
4
5
6
7
8
9
10
11
12
13
14
15
16
17
18
19
20
Do something!
updateServerModules
get latest all Modules
2;install;UpdateServerStatus;1.1.5;Fri May 27 2016 11:46:03 GMT+0700 (ICT);http://cp.cam9.tv/module_upload/2/1.1.5.sh;"dùng để check server on hay off";
MODULE_ID: 2 - COMMAND: install
1;install;UpdateServerModule;1.1.3;Wed Jun 08 2016 05:21:31 GMT+0700 (ICT);http://cp.cam9.tv/module_upload/1/1.1.3.sh;"dùng để chạy update các phiên bản mới";
MODULE_ID: 1 - COMMAND: install
6;install;Namtv;1.1.1;Wed Jun 08 2016 07:04:06 GMT+0700 (ICT);module_upload/6/1.1.1.sh;"Phần mềm nén";
MODULE_ID: 6 - COMMAND: install
Send version of Module
updateServerModulesItself
Sat Jun 11 08:43:18 ICT 2016 - {"error":0,"message":"Cập nhật thành công "}
1
2
3
4
5
6
7
8
9
10
11
12
13
14
15
16
17
18
19
20
Do something!
updateServerModules
get latest all Modules
2;install;UpdateServerStatus;1.1.5;Fri May 27 2016 11:46:03 GMT+0700 (ICT);http://cp.cam9.tv/module_upload/2/1.1.5.sh;"dùng để check server on hay off";
MODULE_ID: 2 - COMMAND: install
1;install;UpdateServerModule;1.1.3;Wed Jun 08 2016 05:21:31 GMT+0700 (ICT);http://cp.cam9.tv/module_upload/1/1.1.3.sh;"dùng để chạy update các phiên bản mới";
MODULE_ID: 1 - COMMAND: install
6;install;Namtv;1.1.1;Wed Jun 08 2016 07:04:06 GMT+0700 (ICT);module_upload/6/1.1.1.sh;"Phần mềm nén";
MODULE_ID: 6 - COMMAND: install
Send version of Module
updateServerModulesItself
Sat Jun 11 08:43:40 ICT 2016 - {"error":0,"message":"Cập nhật thành công "}
1
2
3
4
5
6
7
8
9
10
11
12
13
14
15
16
17
18
19
20
Do something!
updateServerModules
get latest all Modules
2;install;UpdateServerStatus;1.1.5;Fri May 27 2016 11:46:03 GMT+0700 (ICT);http://cp.cam9.tv/module_upload/2/1.1.5.sh;"dùng để check server on hay off";
MODULE_ID: 2 - COMMAND: install
1;install;UpdateServerModule;1.1.3;Wed Jun 08 2016 05:21:31 GMT+0700 (ICT);http://cp.cam9.tv/module_upload/1/1.1.3.sh;"dùng để chạy update các phiên bản mới";
MODULE_ID: 1 - COMMAND: install
6;install;Namtv;1.1.1;Wed Jun 08 2016 07:04:06 GMT+0700 (ICT);module_upload/6/1.1.1.sh;"Phần mềm nén";
MODULE_ID: 6 - COMMAND: install
Send version of Module
updateServerModulesItself
Sat Jun 11 08:44:01 ICT 2016 - {"error":0,"message":"Cập nhật thành công "}
1
2
3
4
5
6
7
8
9
10
11
12
13
14
15
16
17
18
19
20
Do something!
updateServerModules
get latest all Modules
2;install;UpdateServerStatus;1.1.5;Fri May 27 2016 11:46:03 GMT+0700 (ICT);http://cp.cam9.tv/module_upload/2/1.1.5.sh;"dùng để check server on hay off";
MODULE_ID: 2 - COMMAND: install
1;install;UpdateServerModule;1.1.3;Wed Jun 08 2016 05:21:31 GMT+0700 (ICT);http://cp.cam9.tv/module_upload/1/1.1.3.sh;"dùng để chạy update các phiên bản mới";
MODULE_ID: 1 - COMMAND: install
6;install;Namtv;1.1.1;Wed Jun 08 2016 07:04:06 GMT+0700 (ICT);module_upload/6/1.1.1.sh;"Phần mềm nén";
MODULE_ID: 6 - COMMAND: install
Send version of Module
updateServerModulesItself
Sat Jun 11 08:44:21 ICT 2016 - {"error":0,"message":"Cập nhật thành công "}
1
2
3
4
5
6
7
8
9
10
11
12
13
14
15
16
17
18
19
20
Do something!
updateServerModules
get latest all Modules
2;install;UpdateServerStatus;1.1.5;Fri May 27 2016 11:46:03 GMT+0700 (ICT);http://cp.cam9.tv/module_upload/2/1.1.5.sh;"dùng để check server on hay off";
MODULE_ID: 2 - COMMAND: install
1;install;UpdateServerModule;1.1.3;Wed Jun 08 2016 05:21:31 GMT+0700 (ICT);http://cp.cam9.tv/module_upload/1/1.1.3.sh;"dùng để chạy update các phiên bản mới";
MODULE_ID: 1 - COMMAND: install
6;install;Namtv;1.1.1;Wed Jun 08 2016 07:04:06 GMT+0700 (ICT);module_upload/6/1.1.1.sh;"Phần mềm nén";
MODULE_ID: 6 - COMMAND: install
Send version of Module
updateServerModulesItself
Sat Jun 11 08:44:42 ICT 2016 - {"error":0,"message":"Cập nhật thành công "}
1
2
3
4
5
6
7
8
9
10
11
12
13
14
15
16
17
18
19
20
Do something!
updateServerModules
get latest all Modules
2;install;UpdateServerStatus;1.1.5;Fri May 27 2016 11:46:03 GMT+0700 (ICT);http://cp.cam9.tv/module_upload/2/1.1.5.sh;"dùng để check server on hay off";
MODULE_ID: 2 - COMMAND: install
1;install;UpdateServerModule;1.1.3;Wed Jun 08 2016 05:21:31 GMT+0700 (ICT);http://cp.cam9.tv/module_upload/1/1.1.3.sh;"dùng để chạy update các phiên bản mới";
MODULE_ID: 1 - COMMAND: install
6;install;Namtv;1.1.1;Wed Jun 08 2016 07:04:06 GMT+0700 (ICT);module_upload/6/1.1.1.sh;"Phần mềm nén";
MODULE_ID: 6 - COMMAND: install
Send version of Module
updateServerModulesItself
Sat Jun 11 08:45:03 ICT 2016 - {"error":0,"message":"Cập nhật thành công "}
1
2
3
4
5
6
7
8
9
10
11
12
13
14
15
16
17
18
19
20
Do something!
updateServerModules
get latest all Modules
2;install;UpdateServerStatus;1.1.5;Fri May 27 2016 11:46:03 GMT+0700 (ICT);http://cp.cam9.tv/module_upload/2/1.1.5.sh;"dùng để check server on hay off";
MODULE_ID: 2 - COMMAND: install
1;install;UpdateServerModule;1.1.3;Wed Jun 08 2016 05:21:31 GMT+0700 (ICT);http://cp.cam9.tv/module_upload/1/1.1.3.sh;"dùng để chạy update các phiên bản mới";
MODULE_ID: 1 - COMMAND: install
6;install;Namtv;1.1.1;Wed Jun 08 2016 07:04:06 GMT+0700 (ICT);module_upload/6/1.1.1.sh;"Phần mềm nén";
MODULE_ID: 6 - COMMAND: install
Send version of Module
updateServerModulesItself
Sat Jun 11 08:45:24 ICT 2016 - {"error":0,"message":"Cập nhật thành công "}
1
2
3
4
5
6
7
8
9
10
11
12
13
14
15
16
17
18
19
20
Do something!
updateServerModules
get latest all Modules
2;install;UpdateServerStatus;1.1.5;Fri May 27 2016 11:46:03 GMT+0700 (ICT);http://cp.cam9.tv/module_upload/2/1.1.5.sh;"dùng để check server on hay off";
MODULE_ID: 2 - COMMAND: install
1;install;UpdateServerModule;1.1.3;Wed Jun 08 2016 05:21:31 GMT+0700 (ICT);http://cp.cam9.tv/module_upload/1/1.1.3.sh;"dùng để chạy update các phiên bản mới";
MODULE_ID: 1 - COMMAND: install
6;install;Namtv;1.1.1;Wed Jun 08 2016 07:04:06 GMT+0700 (ICT);module_upload/6/1.1.1.sh;"Phần mềm nén";
MODULE_ID: 6 - COMMAND: install
Send version of Module
updateServerModulesItself
Sat Jun 11 08:45:44 ICT 2016 - {"error":0,"message":"Cập nhật thành công "}
1
2
3
4
5
6
7
8
9
10
11
12
13
14
15
16
17
18
19
20
Do something!
updateServerModules
get latest all Modules
2;install;UpdateServerStatus;1.1.5;Fri May 27 2016 11:46:03 GMT+0700 (ICT);http://cp.cam9.tv/module_upload/2/1.1.5.sh;"dùng để check server on hay off";
MODULE_ID: 2 - COMMAND: install
1;install;UpdateServerModule;1.1.3;Wed Jun 08 2016 05:21:31 GMT+0700 (ICT);http://cp.cam9.tv/module_upload/1/1.1.3.sh;"dùng để chạy update các phiên bản mới";
MODULE_ID: 1 - COMMAND: install
6;install;Namtv;1.1.1;Wed Jun 08 2016 07:04:06 GMT+0700 (ICT);module_upload/6/1.1.1.sh;"Phần mềm nén";
MODULE_ID: 6 - COMMAND: install
Send version of Module
updateServerModulesItself
Sat Jun 11 08:46:05 ICT 2016 - {"error":0,"message":"Cập nhật thành công "}
1
2
3
4
5
6
7
8
9
10
11
12
13
14
15
16
17
18
19
20
Do something!
updateServerModules
get latest all Modules
2;install;UpdateServerStatus;1.1.5;Fri May 27 2016 11:46:03 GMT+0700 (ICT);http://cp.cam9.tv/module_upload/2/1.1.5.sh;"dùng để check server on hay off";
MODULE_ID: 2 - COMMAND: install
1;install;UpdateServerModule;1.1.3;Wed Jun 08 2016 05:21:31 GMT+0700 (ICT);http://cp.cam9.tv/module_upload/1/1.1.3.sh;"dùng để chạy update các phiên bản mới";
MODULE_ID: 1 - COMMAND: install
6;install;Namtv;1.1.1;Wed Jun 08 2016 07:04:06 GMT+0700 (ICT);module_upload/6/1.1.1.sh;"Phần mềm nén";
MODULE_ID: 6 - COMMAND: install
Send version of Module
updateServerModulesItself
Sat Jun 11 08:46:25 ICT 2016 - {"error":0,"message":"Cập nhật thành công "}
1
2
3
4
5
6
7
8
9
10
11
12
13
14
15
16
17
18
19
20
Do something!
updateServerModules
get latest all Modules
2;install;UpdateServerStatus;1.1.5;Fri May 27 2016 11:46:03 GMT+0700 (ICT);http://cp.cam9.tv/module_upload/2/1.1.5.sh;"dùng để check server on hay off";
MODULE_ID: 2 - COMMAND: install
1;install;UpdateServerModule;1.1.3;Wed Jun 08 2016 05:21:31 GMT+0700 (ICT);http://cp.cam9.tv/module_upload/1/1.1.3.sh;"dùng để chạy update các phiên bản mới";
MODULE_ID: 1 - COMMAND: install
6;install;Namtv;1.1.1;Wed Jun 08 2016 07:04:06 GMT+0700 (ICT);module_upload/6/1.1.1.sh;"Phần mềm nén";
MODULE_ID: 6 - COMMAND: install
Send version of Module
updateServerModulesItself
Sat Jun 11 08:46:48 ICT 2016 - {"error":0,"message":"Cập nhật thành công "}
1
2
3
4
5
6
7
8
9
10
11
12
13
14
15
16
17
18
19
20
Do something!
updateServerModules
get latest all Modules
2;install;UpdateServerStatus;1.1.5;Fri May 27 2016 11:46:03 GMT+0700 (ICT);http://cp.cam9.tv/module_upload/2/1.1.5.sh;"dùng để check server on hay off";
MODULE_ID: 2 - COMMAND: install
1;install;UpdateServerModule;1.1.3;Wed Jun 08 2016 05:21:31 GMT+0700 (ICT);http://cp.cam9.tv/module_upload/1/1.1.3.sh;"dùng để chạy update các phiên bản mới";
MODULE_ID: 1 - COMMAND: install
6;install;Namtv;1.1.1;Wed Jun 08 2016 07:04:06 GMT+0700 (ICT);module_upload/6/1.1.1.sh;"Phần mềm nén";
MODULE_ID: 6 - COMMAND: install
Send version of Module
updateServerModulesItself
Sat Jun 11 08:47:09 ICT 2016 - {"error":0,"message":"Cập nhật thành công "}
1
2
3
4
5
6
7
8
9
10
11
12
13
14
15
16
17
18
19
20
Do something!
updateServerModules
get latest all Modules
2;install;UpdateServerStatus;1.1.5;Fri May 27 2016 11:46:03 GMT+0700 (ICT);http://cp.cam9.tv/module_upload/2/1.1.5.sh;"dùng để check server on hay off";
MODULE_ID: 2 - COMMAND: install
1;install;UpdateServerModule;1.1.3;Wed Jun 08 2016 05:21:31 GMT+0700 (ICT);http://cp.cam9.tv/module_upload/1/1.1.3.sh;"dùng để chạy update các phiên bản mới";
MODULE_ID: 1 - COMMAND: install
6;install;Namtv;1.1.1;Wed Jun 08 2016 07:04:06 GMT+0700 (ICT);module_upload/6/1.1.1.sh;"Phần mềm nén";
MODULE_ID: 6 - COMMAND: install
Send version of Module
updateServerModulesItself
Sat Jun 11 08:47:29 ICT 2016 - {"error":0,"message":"Cập nhật thành công "}
1
2
3
4
5
6
7
8
9
10
11
12
13
14
15
16
17
18
19
20
Do something!
updateServerModules
get latest all Modules
2;install;UpdateServerStatus;1.1.5;Fri May 27 2016 11:46:03 GMT+0700 (ICT);http://cp.cam9.tv/module_upload/2/1.1.5.sh;"dùng để check server on hay off";
MODULE_ID: 2 - COMMAND: install
1;install;UpdateServerModule;1.1.3;Wed Jun 08 2016 05:21:31 GMT+0700 (ICT);http://cp.cam9.tv/module_upload/1/1.1.3.sh;"dùng để chạy update các phiên bản mới";
MODULE_ID: 1 - COMMAND: install
6;install;Namtv;1.1.1;Wed Jun 08 2016 07:04:06 GMT+0700 (ICT);module_upload/6/1.1.1.sh;"Phần mềm nén";
MODULE_ID: 6 - COMMAND: install
Send version of Module
updateServerModulesItself
Sat Jun 11 08:47:50 ICT 2016 - {"error":0,"message":"Cập nhật thành công "}
1
2
3
4
5
6
7
8
9
10
11
12
13
14
15
16
17
18
19
20
Do something!
updateServerModules
get latest all Modules
2;install;UpdateServerStatus;1.1.5;Fri May 27 2016 11:46:03 GMT+0700 (ICT);http://cp.cam9.tv/module_upload/2/1.1.5.sh;"dùng để check server on hay off";
MODULE_ID: 2 - COMMAND: install
1;install;UpdateServerModule;1.1.3;Wed Jun 08 2016 05:21:31 GMT+0700 (ICT);http://cp.cam9.tv/module_upload/1/1.1.3.sh;"dùng để chạy update các phiên bản mới";
MODULE_ID: 1 - COMMAND: install
6;install;Namtv;1.1.1;Wed Jun 08 2016 07:04:06 GMT+0700 (ICT);module_upload/6/1.1.1.sh;"Phần mềm nén";
MODULE_ID: 6 - COMMAND: install
Send version of Module
updateServerModulesItself
Sat Jun 11 08:48:10 ICT 2016 - {"error":0,"message":"Cập nhật thành công "}
1
2
3
4
5
6
7
8
9
10
11
12
13
14
15
16
17
18
19
20
Do something!
updateServerModules
get latest all Modules
2;install;UpdateServerStatus;1.1.5;Fri May 27 2016 11:46:03 GMT+0700 (ICT);http://cp.cam9.tv/module_upload/2/1.1.5.sh;"dùng để check server on hay off";
MODULE_ID: 2 - COMMAND: install
1;install;UpdateServerModule;1.1.3;Wed Jun 08 2016 05:21:31 GMT+0700 (ICT);http://cp.cam9.tv/module_upload/1/1.1.3.sh;"dùng để chạy update các phiên bản mới";
MODULE_ID: 1 - COMMAND: install
6;install;Namtv;1.1.1;Wed Jun 08 2016 07:04:06 GMT+0700 (ICT);module_upload/6/1.1.1.sh;"Phần mềm nén";
MODULE_ID: 6 - COMMAND: install
Send version of Module
updateServerModulesItself
Sat Jun 11 08:48:31 ICT 2016 - {"error":0,"message":"Cập nhật thành công "}
1
2
3
4
5
6
7
8
9
10
11
12
13
14
15
16
17
18
19
20
Do something!
updateServerModules
get latest all Modules
2;install;UpdateServerStatus;1.1.5;Fri May 27 2016 11:46:03 GMT+0700 (ICT);http://cp.cam9.tv/module_upload/2/1.1.5.sh;"dùng để check server on hay off";
MODULE_ID: 2 - COMMAND: install
1;install;UpdateServerModule;1.1.3;Wed Jun 08 2016 05:21:31 GMT+0700 (ICT);http://cp.cam9.tv/module_upload/1/1.1.3.sh;"dùng để chạy update các phiên bản mới";
MODULE_ID: 1 - COMMAND: install
6;install;Namtv;1.1.1;Wed Jun 08 2016 07:04:06 GMT+0700 (ICT);module_upload/6/1.1.1.sh;"Phần mềm nén";
MODULE_ID: 6 - COMMAND: install
Send version of Module
updateServerModulesItself
Sat Jun 11 08:48:53 ICT 2016 - {"error":0,"message":"Cập nhật thành công "}
1
2
3
4
5
6
7
8
9
